<?xml version="1.0" encoding="UTF-8"?>
<!-- Generated by org.testng.reporters.JUnitReportReporter -->
<testsuite hostname="VidyuthHP" failures="7" tests="116" name="com.dsalgoproject.testrunner.RunnerFile" time="102.188" errors="4" timestamp="2023-08-07T23:56:26 EDT" skipped="0">
  <testcase classname="com.dsalgoproject.testrunner.RunnerFile" name="runScenario" time="0.789"/>
  <system-out/>
  <testcase classname="com.dsalgoproject.testrunner.RunnerFile" name="runScenario" time="0.303"/>
  <system-out/>
  <testcase classname="com.dsalgoproject.testrunner.RunnerFile" name="runScenario" time="0.723"/>
  <system-out/>
  <testcase classname="com.dsalgoproject.testrunner.RunnerFile" name="runScenario" time="1.358"/>
  <system-out/>
  <testcase classname="com.dsalgoproject.testrunner.RunnerFile" name="runScenario" time="0.965"/>
  <system-out/>
  <testcase classname="com.dsalgoproject.testrunner.RunnerFile" name="runScenario" time="0.978"/>
  <system-out/>
  <testcase classname="com.dsalgoproject.testrunner.RunnerFile" name="runScenario" time="0.771"/>
  <system-out/>
  <testcase classname="com.dsalgoproject.testrunner.RunnerFile" name="runScenario" time="0.270"/>
  <system-out/>
  <testcase classname="com.dsalgoproject.testrunner.RunnerFile" name="runScenario" time="0.934"/>
  <system-out/>
  <testcase classname="com.dsalgoproject.testrunner.RunnerFile" name="runScenario" time="0.243"/>
  <system-out/>
  <testcase classname="com.dsalgoproject.testrunner.RunnerFile" name="runScenario" time="0.907"/>
  <system-out/>
  <testcase classname="com.dsalgoproject.testrunner.RunnerFile" name="runScenario" time="1.247"/>
  <system-out/>
  <testcase classname="com.dsalgoproject.testrunner.RunnerFile" name="runScenario" time="0.896"/>
  <system-out/>
  <testcase classname="com.dsalgoproject.testrunner.RunnerFile" name="runScenario" time="0.899"/>
  <system-out/>
  <testcase classname="com.dsalgoproject.testrunner.RunnerFile" name="runScenario" time="0.931">
    <error message="unexpected alert open: {Alert text : SyntaxError: bad input on line 3}
  (Session info: chrome=115.0.5790.170): SyntaxError: bad input on line 3
Build info: version: &#039;4.10.0&#039;, revision: &#039;c14d967899&#039;
System info: os.name: &#039;Windows 11&#039;, os.arch: &#039;amd64&#039;, os.version: &#039;10.0&#039;, java.version: &#039;20.0.1&#039;
Driver info: org.openqa.selenium.chrome.ChromeDriver
Command: [5f60af3c07cd1bfec2ba1375e72fab8a, findElement {using=id, value=output}]
Capabilities {acceptInsecureCerts: false, browserName: chrome, browserVersion: 115.0.5790.170, chrome: {chromedriverVersion: 114.0.5735.90 (386bc09e8f4f..., userDataDir: C:\Users\ashok\AppData\Loca...}, goog:chromeOptions: {debuggerAddress: localhost:56456}, networkConnectionEnabled: false, pageLoadStrategy: normal, platformName: windows, proxy: Proxy(), se:cdp: ws://localhost:56456/devtoo..., se:cdpVersion: 115.0.5790.170, setWindowRect: true, strictFileInteractability: false, timeouts: {implicit: 0, pageLoad: 300000, script: 30000}, unhandledPromptBehavior: dismiss and notify, webauthn:extension:credBlob: true, webauthn:extension:largeBlob: true, webauthn:extension:minPinLength: true, webauthn:extension:prf: true, webauthn:virtualAuthenticators: true}
Session ID: 5f60af3c07cd1bfec2ba1375e72fab8a" type="org.openqa.selenium.UnhandledAlertException">
      <![CDATA[org.openqa.selenium.UnhandledAlertException: unexpected alert open: {Alert text : SyntaxError: bad input on line 3}
  (Session info: chrome=115.0.5790.170): SyntaxError: bad input on line 3
Build info: version: '4.10.0', revision: 'c14d967899'
System info: os.name: 'Windows 11', os.arch: 'amd64', os.version: '10.0', java.version: '20.0.1'
Driver info: org.openqa.selenium.chrome.ChromeDriver
Command: [5f60af3c07cd1bfec2ba1375e72fab8a, findElement {using=id, value=output}]
Capabilities {acceptInsecureCerts: false, browserName: chrome, browserVersion: 115.0.5790.170, chrome: {chromedriverVersion: 114.0.5735.90 (386bc09e8f4f..., userDataDir: C:\Users\ashok\AppData\Loca...}, goog:chromeOptions: {debuggerAddress: localhost:56456}, networkConnectionEnabled: false, pageLoadStrategy: normal, platformName: windows, proxy: Proxy(), se:cdp: ws://localhost:56456/devtoo..., se:cdpVersion: 115.0.5790.170, setWindowRect: true, strictFileInteractability: false, timeouts: {implicit: 0, pageLoad: 300000, script: 30000}, unhandledPromptBehavior: dismiss and notify, webauthn:extension:credBlob: true, webauthn:extension:largeBlob: true, webauthn:extension:minPinLength: true, webauthn:extension:prf: true, webauthn:virtualAuthenticators: true}
Session ID: 5f60af3c07cd1bfec2ba1375e72fab8a
at org.openqa.selenium.remote.codec.w3c.W3CHttpResponseCodec.decode(W3CHttpResponseCodec.java:130)
at org.openqa.selenium.remote.codec.w3c.W3CHttpResponseCodec.decode(W3CHttpResponseCodec.java:51)
at org.openqa.selenium.remote.HttpCommandExecutor.execute(HttpCommandExecutor.java:191)
at org.openqa.selenium.remote.service.DriverCommandExecutor.invokeExecute(DriverCommandExecutor.java:196)
at org.openqa.selenium.remote.service.DriverCommandExecutor.execute(DriverCommandExecutor.java:171)
at org.openqa.selenium.remote.RemoteWebDriver.execute(RemoteWebDriver.java:531)
at org.openqa.selenium.remote.ElementLocation$ElementFinder$2.findElement(ElementLocation.java:165)
at org.openqa.selenium.remote.ElementLocation.findElement(ElementLocation.java:59)
at org.openqa.selenium.remote.RemoteWebDriver.findElement(RemoteWebDriver.java:350)
at org.openqa.selenium.remote.RemoteWebDriver.findElement(RemoteWebDriver.java:344)
at org.openqa.selenium.support.pagefactory.DefaultElementLocator.findElement(DefaultElementLocator.java:68)
at org.openqa.selenium.support.pagefactory.internal.LocatingElementHandler.invoke(LocatingElementHandler.java:38)
at jdk.proxy2/jdk.proxy2.$Proxy42.getText(Unknown Source)
at com.dsalgoproject.pageobjects.ArrayPage_PageObject.getMeesageinPractice(ArrayPage_PageObject.java:204)
at com.dsalgoproject.stepdefinitions.ArrayPage_StepDefinitions.the_user_should_be_presented_with_run_result_in_practice_page(ArrayPage_StepDefinitions.java:128)
at ✽.the user should be presented with Run result "hello World" in Practice Page(file:///C:/Users/ashok/git/DS-ALGOPROJECT_MAIN/DS_ALGO_PROJECT/src/test/resources/feature/04_ArrayPageFeature.feature:70)
]]>
    </error>
  </testcase> <!-- runScenario -->
  <system-out/>
  <testcase classname="com.dsalgoproject.testrunner.RunnerFile" name="runScenario" time="0.910"/>
  <system-out/>
  <testcase classname="com.dsalgoproject.testrunner.RunnerFile" name="runScenario" time="1.404"/>
  <system-out/>
  <testcase classname="com.dsalgoproject.testrunner.RunnerFile" name="runScenario" time="1.034"/>
  <system-out/>
  <testcase classname="com.dsalgoproject.testrunner.RunnerFile" name="runScenario" time="0.850"/>
  <system-out/>
  <testcase classname="com.dsalgoproject.testrunner.RunnerFile" name="runScenario" time="1.442"/>
  <system-out/>
  <testcase classname="com.dsalgoproject.testrunner.RunnerFile" name="runScenario" time="0.965"/>
  <system-out/>
  <testcase classname="com.dsalgoproject.testrunner.RunnerFile" name="runScenario" time="0.949"/>
  <system-out/>
  <testcase classname="com.dsalgoproject.testrunner.RunnerFile" name="runScenario" time="0.276"/>
  <system-out/>
  <testcase classname="com.dsalgoproject.testrunner.RunnerFile" name="runScenario" time="1.343"/>
  <system-out/>
  <testcase classname="com.dsalgoproject.testrunner.RunnerFile" name="runScenario" time="0.916"/>
  <system-out/>
  <testcase classname="com.dsalgoproject.testrunner.RunnerFile" name="runScenario" time="1.059"/>
  <system-out/>
  <testcase classname="com.dsalgoproject.testrunner.RunnerFile" name="runScenario" time="0.936"/>
  <system-out/>
  <testcase classname="com.dsalgoproject.testrunner.RunnerFile" name="runScenario" time="1.078"/>
  <system-out/>
  <testcase classname="com.dsalgoproject.testrunner.RunnerFile" name="runScenario" time="0.864"/>
  <system-out/>
  <testcase classname="com.dsalgoproject.testrunner.RunnerFile" name="runScenario" time="1.020"/>
  <system-out/>
  <testcase classname="com.dsalgoproject.testrunner.RunnerFile" name="runScenario" time="0.893"/>
  <system-out/>
  <testcase classname="com.dsalgoproject.testrunner.RunnerFile" name="runScenario" time="0.833"/>
  <system-out/>
  <testcase classname="com.dsalgoproject.testrunner.RunnerFile" name="runScenario" time="0.367"/>
  <system-out/>
  <testcase classname="com.dsalgoproject.testrunner.RunnerFile" name="runScenario" time="1.073">
    <error message="unexpected alert open: {Alert text : SyntaxError: bad input on line 3}
  (Session info: chrome=115.0.5790.170): SyntaxError: bad input on line 3
Build info: version: &#039;4.10.0&#039;, revision: &#039;c14d967899&#039;
System info: os.name: &#039;Windows 11&#039;, os.arch: &#039;amd64&#039;, os.version: &#039;10.0&#039;, java.version: &#039;20.0.1&#039;
Driver info: org.openqa.selenium.chrome.ChromeDriver
Command: [5f60af3c07cd1bfec2ba1375e72fab8a, findElement {using=id, value=output}]
Capabilities {acceptInsecureCerts: false, browserName: chrome, browserVersion: 115.0.5790.170, chrome: {chromedriverVersion: 114.0.5735.90 (386bc09e8f4f..., userDataDir: C:\Users\ashok\AppData\Loca...}, goog:chromeOptions: {debuggerAddress: localhost:56456}, networkConnectionEnabled: false, pageLoadStrategy: normal, platformName: windows, proxy: Proxy(), se:cdp: ws://localhost:56456/devtoo..., se:cdpVersion: 115.0.5790.170, setWindowRect: true, strictFileInteractability: false, timeouts: {implicit: 0, pageLoad: 300000, script: 30000}, unhandledPromptBehavior: dismiss and notify, webauthn:extension:credBlob: true, webauthn:extension:largeBlob: true, webauthn:extension:minPinLength: true, webauthn:extension:prf: true, webauthn:virtualAuthenticators: true}
Session ID: 5f60af3c07cd1bfec2ba1375e72fab8a" type="org.openqa.selenium.UnhandledAlertException">
      <![CDATA[org.openqa.selenium.UnhandledAlertException: unexpected alert open: {Alert text : SyntaxError: bad input on line 3}
  (Session info: chrome=115.0.5790.170): SyntaxError: bad input on line 3
Build info: version: '4.10.0', revision: 'c14d967899'
System info: os.name: 'Windows 11', os.arch: 'amd64', os.version: '10.0', java.version: '20.0.1'
Driver info: org.openqa.selenium.chrome.ChromeDriver
Command: [5f60af3c07cd1bfec2ba1375e72fab8a, findElement {using=id, value=output}]
Capabilities {acceptInsecureCerts: false, browserName: chrome, browserVersion: 115.0.5790.170, chrome: {chromedriverVersion: 114.0.5735.90 (386bc09e8f4f..., userDataDir: C:\Users\ashok\AppData\Loca...}, goog:chromeOptions: {debuggerAddress: localhost:56456}, networkConnectionEnabled: false, pageLoadStrategy: normal, platformName: windows, proxy: Proxy(), se:cdp: ws://localhost:56456/devtoo..., se:cdpVersion: 115.0.5790.170, setWindowRect: true, strictFileInteractability: false, timeouts: {implicit: 0, pageLoad: 300000, script: 30000}, unhandledPromptBehavior: dismiss and notify, webauthn:extension:credBlob: true, webauthn:extension:largeBlob: true, webauthn:extension:minPinLength: true, webauthn:extension:prf: true, webauthn:virtualAuthenticators: true}
Session ID: 5f60af3c07cd1bfec2ba1375e72fab8a
at org.openqa.selenium.remote.codec.w3c.W3CHttpResponseCodec.decode(W3CHttpResponseCodec.java:130)
at org.openqa.selenium.remote.codec.w3c.W3CHttpResponseCodec.decode(W3CHttpResponseCodec.java:51)
at org.openqa.selenium.remote.HttpCommandExecutor.execute(HttpCommandExecutor.java:191)
at org.openqa.selenium.remote.service.DriverCommandExecutor.invokeExecute(DriverCommandExecutor.java:196)
at org.openqa.selenium.remote.service.DriverCommandExecutor.execute(DriverCommandExecutor.java:171)
at org.openqa.selenium.remote.RemoteWebDriver.execute(RemoteWebDriver.java:531)
at org.openqa.selenium.remote.ElementLocation$ElementFinder$2.findElement(ElementLocation.java:165)
at org.openqa.selenium.remote.ElementLocation.findElement(ElementLocation.java:59)
at org.openqa.selenium.remote.RemoteWebDriver.findElement(RemoteWebDriver.java:350)
at org.openqa.selenium.remote.RemoteWebDriver.findElement(RemoteWebDriver.java:344)
at org.openqa.selenium.support.pagefactory.DefaultElementLocator.findElement(DefaultElementLocator.java:68)
at org.openqa.selenium.support.pagefactory.internal.LocatingElementHandler.invoke(LocatingElementHandler.java:38)
at jdk.proxy2/jdk.proxy2.$Proxy42.getText(Unknown Source)
at com.dsalgoproject.pageobjects.ArrayPage_PageObject.getMeesageinPractice(ArrayPage_PageObject.java:204)
at com.dsalgoproject.stepdefinitions.ArrayPage_StepDefinitions.the_user_should_be_presented_with_run_result_in_practice_page(ArrayPage_StepDefinitions.java:128)
at ✽.the user should be presented with Run result "hello World" in Practice Page(file:///C:/Users/ashok/git/DS-ALGOPROJECT_MAIN/DS_ALGO_PROJECT/src/test/resources/feature/04_ArrayPageFeature.feature:70)
]]>
    </error>
  </testcase> <!-- runScenario -->
  <system-out/>
  <testcase classname="com.dsalgoproject.testrunner.RunnerFile" name="runScenario" time="0.327"/>
  <system-out/>
  <testcase classname="com.dsalgoproject.testrunner.RunnerFile" name="runScenario" time="1.645"/>
  <system-out/>
  <testcase classname="com.dsalgoproject.testrunner.RunnerFile" name="runScenario" time="0.852"/>
  <system-out/>
  <testcase classname="com.dsalgoproject.testrunner.RunnerFile" name="runScenario" time="0.985"/>
  <system-out/>
  <testcase classname="com.dsalgoproject.testrunner.RunnerFile" name="runScenario" time="1.068"/>
  <system-out/>
  <testcase classname="com.dsalgoproject.testrunner.RunnerFile" name="runScenario" time="0.475"/>
  <system-out/>
  <testcase classname="com.dsalgoproject.testrunner.RunnerFile" name="runScenario" time="0.799"/>
  <system-out/>
  <testcase classname="com.dsalgoproject.testrunner.RunnerFile" name="runScenario" time="0.301"/>
  <system-out/>
  <testcase classname="com.dsalgoproject.testrunner.RunnerFile" name="runScenario" time="0.310"/>
  <system-out/>
  <testcase classname="com.dsalgoproject.testrunner.RunnerFile" name="runScenario" time="1.358"/>
  <system-out/>
  <testcase classname="com.dsalgoproject.testrunner.RunnerFile" name="runScenario" time="0.998"/>
  <system-out/>
  <testcase classname="com.dsalgoproject.testrunner.RunnerFile" name="runScenario" time="0.807"/>
  <system-out/>
  <testcase classname="com.dsalgoproject.testrunner.RunnerFile" name="runScenario" time="0.586">
    <failure message="expected [Please enter valid username] but found [password_mismatch:The two password fields didn’t match.]" type="java.lang.AssertionError">
      <![CDATA[java.lang.AssertionError: expected [Please enter valid username] but found [password_mismatch:The two password fields didn’t match.]
at org.testng.Assert.fail(Assert.java:110)
at org.testng.Assert.failNotEquals(Assert.java:1577)
at org.testng.Assert.assertEqualsImpl(Assert.java:149)
at org.testng.Assert.assertEquals(Assert.java:131)
at org.testng.Assert.assertEquals(Assert.java:655)
at org.testng.Assert.assertEquals(Assert.java:665)
at com.dsalgoproject.stepdefinitions.RegisterPage_StepDefinitions.the_user_should_see_the_error_message_indicating(RegisterPage_StepDefinitions.java:82)
at ✽.the user should see the error message indicating "Please enter valid username"(file:///C:/Users/ashok/git/DS-ALGOPROJECT_MAIN/DS_ALGO_PROJECT/src/test/resources/feature/01_RegisterPageFeature.feature:41)
]]>
    </failure>
  </testcase> <!-- runScenario -->
  <system-out/>
  <testcase classname="com.dsalgoproject.testrunner.RunnerFile" name="runScenario" time="0.179"/>
  <system-out/>
  <testcase classname="com.dsalgoproject.testrunner.RunnerFile" name="runScenario" time="1.028"/>
  <system-out/>
  <testcase classname="com.dsalgoproject.testrunner.RunnerFile" name="runScenario" time="4.006"/>
  <system-out/>
  <testcase classname="com.dsalgoproject.testrunner.RunnerFile" name="runScenario" time="0.946"/>
  <system-out/>
  <testcase classname="com.dsalgoproject.testrunner.RunnerFile" name="runScenario" time="0.977"/>
  <system-out/>
  <testcase classname="com.dsalgoproject.testrunner.RunnerFile" name="runScenario" time="1.287"/>
  <system-out/>
  <testcase classname="com.dsalgoproject.testrunner.RunnerFile" name="runScenario" time="0.812"/>
  <system-out/>
  <testcase classname="com.dsalgoproject.testrunner.RunnerFile" name="runScenario" time="0.585">
    <failure message="expected [Password should contain at least 8 characters] but found [password_mismatch:The two password fields didn’t match.]" type="java.lang.AssertionError">
      <![CDATA[java.lang.AssertionError: expected [Password should contain at least 8 characters] but found [password_mismatch:The two password fields didn’t match.]
at org.testng.Assert.fail(Assert.java:110)
at org.testng.Assert.failNotEquals(Assert.java:1577)
at org.testng.Assert.assertEqualsImpl(Assert.java:149)
at org.testng.Assert.assertEquals(Assert.java:131)
at org.testng.Assert.assertEquals(Assert.java:655)
at org.testng.Assert.assertEquals(Assert.java:665)
at com.dsalgoproject.stepdefinitions.RegisterPage_StepDefinitions.the_user_should_see_the_error_message_indicating(RegisterPage_StepDefinitions.java:82)
at ✽.the user should see the error message indicating "Password should contain at least 8 characters"(file:///C:/Users/ashok/git/DS-ALGOPROJECT_MAIN/DS_ALGO_PROJECT/src/test/resources/feature/01_RegisterPageFeature.feature:41)
]]>
    </failure>
  </testcase> <!-- runScenario -->
  <system-out/>
  <testcase classname="com.dsalgoproject.testrunner.RunnerFile" name="runScenario" time="1.393"/>
  <system-out/>
  <testcase classname="com.dsalgoproject.testrunner.RunnerFile" name="runScenario" time="0.841"/>
  <system-out/>
  <testcase classname="com.dsalgoproject.testrunner.RunnerFile" name="runScenario" time="0.965"/>
  <system-out/>
  <testcase classname="com.dsalgoproject.testrunner.RunnerFile" name="runScenario" time="0.250"/>
  <system-out/>
  <testcase classname="com.dsalgoproject.testrunner.RunnerFile" name="runScenario" time="0.756">
    <error message="unexpected alert open: {Alert text : SyntaxError: bad input on line 3}
  (Session info: chrome=115.0.5790.170): SyntaxError: bad input on line 3
Build info: version: &#039;4.10.0&#039;, revision: &#039;c14d967899&#039;
System info: os.name: &#039;Windows 11&#039;, os.arch: &#039;amd64&#039;, os.version: &#039;10.0&#039;, java.version: &#039;20.0.1&#039;
Driver info: org.openqa.selenium.chrome.ChromeDriver
Command: [5f60af3c07cd1bfec2ba1375e72fab8a, findElement {using=id, value=output}]
Capabilities {acceptInsecureCerts: false, browserName: chrome, browserVersion: 115.0.5790.170, chrome: {chromedriverVersion: 114.0.5735.90 (386bc09e8f4f..., userDataDir: C:\Users\ashok\AppData\Loca...}, goog:chromeOptions: {debuggerAddress: localhost:56456}, networkConnectionEnabled: false, pageLoadStrategy: normal, platformName: windows, proxy: Proxy(), se:cdp: ws://localhost:56456/devtoo..., se:cdpVersion: 115.0.5790.170, setWindowRect: true, strictFileInteractability: false, timeouts: {implicit: 0, pageLoad: 300000, script: 30000}, unhandledPromptBehavior: dismiss and notify, webauthn:extension:credBlob: true, webauthn:extension:largeBlob: true, webauthn:extension:minPinLength: true, webauthn:extension:prf: true, webauthn:virtualAuthenticators: true}
Session ID: 5f60af3c07cd1bfec2ba1375e72fab8a" type="org.openqa.selenium.UnhandledAlertException">
      <![CDATA[org.openqa.selenium.UnhandledAlertException: unexpected alert open: {Alert text : SyntaxError: bad input on line 3}
  (Session info: chrome=115.0.5790.170): SyntaxError: bad input on line 3
Build info: version: '4.10.0', revision: 'c14d967899'
System info: os.name: 'Windows 11', os.arch: 'amd64', os.version: '10.0', java.version: '20.0.1'
Driver info: org.openqa.selenium.chrome.ChromeDriver
Command: [5f60af3c07cd1bfec2ba1375e72fab8a, findElement {using=id, value=output}]
Capabilities {acceptInsecureCerts: false, browserName: chrome, browserVersion: 115.0.5790.170, chrome: {chromedriverVersion: 114.0.5735.90 (386bc09e8f4f..., userDataDir: C:\Users\ashok\AppData\Loca...}, goog:chromeOptions: {debuggerAddress: localhost:56456}, networkConnectionEnabled: false, pageLoadStrategy: normal, platformName: windows, proxy: Proxy(), se:cdp: ws://localhost:56456/devtoo..., se:cdpVersion: 115.0.5790.170, setWindowRect: true, strictFileInteractability: false, timeouts: {implicit: 0, pageLoad: 300000, script: 30000}, unhandledPromptBehavior: dismiss and notify, webauthn:extension:credBlob: true, webauthn:extension:largeBlob: true, webauthn:extension:minPinLength: true, webauthn:extension:prf: true, webauthn:virtualAuthenticators: true}
Session ID: 5f60af3c07cd1bfec2ba1375e72fab8a
at org.openqa.selenium.remote.codec.w3c.W3CHttpResponseCodec.decode(W3CHttpResponseCodec.java:130)
at org.openqa.selenium.remote.codec.w3c.W3CHttpResponseCodec.decode(W3CHttpResponseCodec.java:51)
at org.openqa.selenium.remote.HttpCommandExecutor.execute(HttpCommandExecutor.java:191)
at org.openqa.selenium.remote.service.DriverCommandExecutor.invokeExecute(DriverCommandExecutor.java:196)
at org.openqa.selenium.remote.service.DriverCommandExecutor.execute(DriverCommandExecutor.java:171)
at org.openqa.selenium.remote.RemoteWebDriver.execute(RemoteWebDriver.java:531)
at org.openqa.selenium.remote.ElementLocation$ElementFinder$2.findElement(ElementLocation.java:165)
at org.openqa.selenium.remote.ElementLocation.findElement(ElementLocation.java:59)
at org.openqa.selenium.remote.RemoteWebDriver.findElement(RemoteWebDriver.java:350)
at org.openqa.selenium.remote.RemoteWebDriver.findElement(RemoteWebDriver.java:344)
at org.openqa.selenium.support.pagefactory.DefaultElementLocator.findElement(DefaultElementLocator.java:68)
at org.openqa.selenium.support.pagefactory.internal.LocatingElementHandler.invoke(LocatingElementHandler.java:38)
at jdk.proxy2/jdk.proxy2.$Proxy42.getText(Unknown Source)
at com.dsalgoproject.pageobjects.ArrayPage_PageObject.getMeesageinPractice(ArrayPage_PageObject.java:204)
at com.dsalgoproject.stepdefinitions.ArrayPage_StepDefinitions.the_user_should_be_presented_with_run_result_in_practice_page(ArrayPage_StepDefinitions.java:128)
at ✽.the user should be presented with Run result "hello World" in Practice Page(file:///C:/Users/ashok/git/DS-ALGOPROJECT_MAIN/DS_ALGO_PROJECT/src/test/resources/feature/04_ArrayPageFeature.feature:70)
]]>
    </error>
  </testcase> <!-- runScenario -->
  <system-out/>
  <testcase classname="com.dsalgoproject.testrunner.RunnerFile" name="runScenario" time="1.490"/>
  <system-out/>
  <testcase classname="com.dsalgoproject.testrunner.RunnerFile" name="runScenario" time="0.855"/>
  <system-out/>
  <testcase classname="com.dsalgoproject.testrunner.RunnerFile" name="runScenario" time="0.409"/>
  <system-out/>
  <testcase classname="com.dsalgoproject.testrunner.RunnerFile" name="runScenario" time="1.383"/>
  <system-out/>
  <testcase classname="com.dsalgoproject.testrunner.RunnerFile" name="runScenario" time="0.818">
    <error message="unexpected alert open: {Alert text : SyntaxError: bad input on line 3}
  (Session info: chrome=115.0.5790.170): SyntaxError: bad input on line 3
Build info: version: &#039;4.10.0&#039;, revision: &#039;c14d967899&#039;
System info: os.name: &#039;Windows 11&#039;, os.arch: &#039;amd64&#039;, os.version: &#039;10.0&#039;, java.version: &#039;20.0.1&#039;
Driver info: org.openqa.selenium.chrome.ChromeDriver
Command: [5f60af3c07cd1bfec2ba1375e72fab8a, findElement {using=id, value=output}]
Capabilities {acceptInsecureCerts: false, browserName: chrome, browserVersion: 115.0.5790.170, chrome: {chromedriverVersion: 114.0.5735.90 (386bc09e8f4f..., userDataDir: C:\Users\ashok\AppData\Loca...}, goog:chromeOptions: {debuggerAddress: localhost:56456}, networkConnectionEnabled: false, pageLoadStrategy: normal, platformName: windows, proxy: Proxy(), se:cdp: ws://localhost:56456/devtoo..., se:cdpVersion: 115.0.5790.170, setWindowRect: true, strictFileInteractability: false, timeouts: {implicit: 0, pageLoad: 300000, script: 30000}, unhandledPromptBehavior: dismiss and notify, webauthn:extension:credBlob: true, webauthn:extension:largeBlob: true, webauthn:extension:minPinLength: true, webauthn:extension:prf: true, webauthn:virtualAuthenticators: true}
Session ID: 5f60af3c07cd1bfec2ba1375e72fab8a" type="org.openqa.selenium.UnhandledAlertException">
      <![CDATA[org.openqa.selenium.UnhandledAlertException: unexpected alert open: {Alert text : SyntaxError: bad input on line 3}
  (Session info: chrome=115.0.5790.170): SyntaxError: bad input on line 3
Build info: version: '4.10.0', revision: 'c14d967899'
System info: os.name: 'Windows 11', os.arch: 'amd64', os.version: '10.0', java.version: '20.0.1'
Driver info: org.openqa.selenium.chrome.ChromeDriver
Command: [5f60af3c07cd1bfec2ba1375e72fab8a, findElement {using=id, value=output}]
Capabilities {acceptInsecureCerts: false, browserName: chrome, browserVersion: 115.0.5790.170, chrome: {chromedriverVersion: 114.0.5735.90 (386bc09e8f4f..., userDataDir: C:\Users\ashok\AppData\Loca...}, goog:chromeOptions: {debuggerAddress: localhost:56456}, networkConnectionEnabled: false, pageLoadStrategy: normal, platformName: windows, proxy: Proxy(), se:cdp: ws://localhost:56456/devtoo..., se:cdpVersion: 115.0.5790.170, setWindowRect: true, strictFileInteractability: false, timeouts: {implicit: 0, pageLoad: 300000, script: 30000}, unhandledPromptBehavior: dismiss and notify, webauthn:extension:credBlob: true, webauthn:extension:largeBlob: true, webauthn:extension:minPinLength: true, webauthn:extension:prf: true, webauthn:virtualAuthenticators: true}
Session ID: 5f60af3c07cd1bfec2ba1375e72fab8a
at org.openqa.selenium.remote.codec.w3c.W3CHttpResponseCodec.decode(W3CHttpResponseCodec.java:130)
at org.openqa.selenium.remote.codec.w3c.W3CHttpResponseCodec.decode(W3CHttpResponseCodec.java:51)
at org.openqa.selenium.remote.HttpCommandExecutor.execute(HttpCommandExecutor.java:191)
at org.openqa.selenium.remote.service.DriverCommandExecutor.invokeExecute(DriverCommandExecutor.java:196)
at org.openqa.selenium.remote.service.DriverCommandExecutor.execute(DriverCommandExecutor.java:171)
at org.openqa.selenium.remote.RemoteWebDriver.execute(RemoteWebDriver.java:531)
at org.openqa.selenium.remote.ElementLocation$ElementFinder$2.findElement(ElementLocation.java:165)
at org.openqa.selenium.remote.ElementLocation.findElement(ElementLocation.java:59)
at org.openqa.selenium.remote.RemoteWebDriver.findElement(RemoteWebDriver.java:350)
at org.openqa.selenium.remote.RemoteWebDriver.findElement(RemoteWebDriver.java:344)
at org.openqa.selenium.support.pagefactory.DefaultElementLocator.findElement(DefaultElementLocator.java:68)
at org.openqa.selenium.support.pagefactory.internal.LocatingElementHandler.invoke(LocatingElementHandler.java:38)
at jdk.proxy2/jdk.proxy2.$Proxy42.getText(Unknown Source)
at com.dsalgoproject.pageobjects.ArrayPage_PageObject.getMeesageinPractice(ArrayPage_PageObject.java:204)
at com.dsalgoproject.stepdefinitions.ArrayPage_StepDefinitions.the_user_should_be_presented_with_run_result_in_practice_page(ArrayPage_StepDefinitions.java:128)
at ✽.the user should be presented with Run result "hello World" in Practice Page(file:///C:/Users/ashok/git/DS-ALGOPROJECT_MAIN/DS_ALGO_PROJECT/src/test/resources/feature/04_ArrayPageFeature.feature:70)
]]>
    </error>
  </testcase> <!-- runScenario -->
  <system-out/>
  <testcase classname="com.dsalgoproject.testrunner.RunnerFile" name="runScenario" time="1.709"/>
  <system-out/>
  <testcase classname="com.dsalgoproject.testrunner.RunnerFile" name="runScenario" time="0.922"/>
  <system-out/>
  <testcase classname="com.dsalgoproject.testrunner.RunnerFile" name="runScenario" time="0.880"/>
  <system-out/>
  <testcase classname="com.dsalgoproject.testrunner.RunnerFile" name="runScenario" time="1.420"/>
  <system-out/>
  <testcase classname="com.dsalgoproject.testrunner.RunnerFile" name="runScenario" time="0.953"/>
  <system-out/>
  <testcase classname="com.dsalgoproject.testrunner.RunnerFile" name="runScenario" time="0.523">
    <failure message="expected [Password cannot be commonly used password] but found [password_mismatch:The two password fields didn’t match.]" type="java.lang.AssertionError">
      <![CDATA[java.lang.AssertionError: expected [Password cannot be commonly used password] but found [password_mismatch:The two password fields didn’t match.]
at org.testng.Assert.fail(Assert.java:110)
at org.testng.Assert.failNotEquals(Assert.java:1577)
at org.testng.Assert.assertEqualsImpl(Assert.java:149)
at org.testng.Assert.assertEquals(Assert.java:131)
at org.testng.Assert.assertEquals(Assert.java:655)
at org.testng.Assert.assertEquals(Assert.java:665)
at com.dsalgoproject.stepdefinitions.RegisterPage_StepDefinitions.the_user_should_see_the_error_message_indicating(RegisterPage_StepDefinitions.java:82)
at ✽.the user should see the error message indicating "Password cannot be commonly used password"(file:///C:/Users/ashok/git/DS-ALGOPROJECT_MAIN/DS_ALGO_PROJECT/src/test/resources/feature/01_RegisterPageFeature.feature:41)
]]>
    </failure>
  </testcase> <!-- runScenario -->
  <system-out/>
  <testcase classname="com.dsalgoproject.testrunner.RunnerFile" name="runScenario" time="0.849"/>
  <system-out/>
  <testcase classname="com.dsalgoproject.testrunner.RunnerFile" name="runScenario" time="0.949"/>
  <system-out/>
  <testcase classname="com.dsalgoproject.testrunner.RunnerFile" name="runScenario" time="0.948"/>
  <system-out/>
  <testcase classname="com.dsalgoproject.testrunner.RunnerFile" name="runScenario" time="0.918"/>
  <system-out/>
  <testcase classname="com.dsalgoproject.testrunner.RunnerFile" name="runScenario" time="0.744"/>
  <system-out/>
  <testcase classname="com.dsalgoproject.testrunner.RunnerFile" name="runScenario" time="1.320"/>
  <system-out/>
  <testcase classname="com.dsalgoproject.testrunner.RunnerFile" name="runScenario" time="0.773"/>
  <system-out/>
  <testcase classname="com.dsalgoproject.testrunner.RunnerFile" name="runScenario" time="0.952"/>
  <system-out/>
  <testcase classname="com.dsalgoproject.testrunner.RunnerFile" name="runScenario" time="1.126"/>
  <system-out/>
  <testcase classname="com.dsalgoproject.testrunner.RunnerFile" name="runScenario" time="1.171"/>
  <system-out/>
  <testcase classname="com.dsalgoproject.testrunner.RunnerFile" name="runScenario" time="1.330"/>
  <system-out/>
  <testcase classname="com.dsalgoproject.testrunner.RunnerFile" name="runScenario" time="1.307"/>
  <system-out/>
  <testcase classname="com.dsalgoproject.testrunner.RunnerFile" name="runScenario" time="0.934"/>
  <system-out/>
  <testcase classname="com.dsalgoproject.testrunner.RunnerFile" name="runScenario" time="0.878"/>
  <system-out/>
  <testcase classname="com.dsalgoproject.testrunner.RunnerFile" name="runScenario" time="0.504">
    <failure message="expected [Username already exists] but found [password_mismatch:The two password fields didn’t match.]" type="java.lang.AssertionError">
      <![CDATA[java.lang.AssertionError: expected [Username already exists] but found [password_mismatch:The two password fields didn’t match.]
at org.testng.Assert.fail(Assert.java:110)
at org.testng.Assert.failNotEquals(Assert.java:1577)
at org.testng.Assert.assertEqualsImpl(Assert.java:149)
at org.testng.Assert.assertEquals(Assert.java:131)
at org.testng.Assert.assertEquals(Assert.java:655)
at org.testng.Assert.assertEquals(Assert.java:665)
at com.dsalgoproject.stepdefinitions.RegisterPage_StepDefinitions.the_user_should_see_the_error_message_indicating(RegisterPage_StepDefinitions.java:82)
at ✽.the user should see the error message indicating "Username already exists"(file:///C:/Users/ashok/git/DS-ALGOPROJECT_MAIN/DS_ALGO_PROJECT/src/test/resources/feature/01_RegisterPageFeature.feature:41)
]]>
    </failure>
  </testcase> <!-- runScenario -->
  <system-out/>
  <testcase classname="com.dsalgoproject.testrunner.RunnerFile" name="runScenario" time="0.980"/>
  <system-out/>
  <testcase classname="com.dsalgoproject.testrunner.RunnerFile" name="runScenario" time="0.902"/>
  <system-out/>
  <testcase classname="com.dsalgoproject.testrunner.RunnerFile" name="runScenario" time="1.049"/>
  <system-out/>
  <testcase classname="com.dsalgoproject.testrunner.RunnerFile" name="runScenario" time="0.408"/>
  <system-out/>
  <testcase classname="com.dsalgoproject.testrunner.RunnerFile" name="runScenario" time="0.302"/>
  <system-out/>
  <testcase classname="com.dsalgoproject.testrunner.RunnerFile" name="runScenario" time="0.535"/>
  <system-out/>
  <testcase classname="com.dsalgoproject.testrunner.RunnerFile" name="runScenario" time="1.004"/>
  <system-out/>
  <testcase classname="com.dsalgoproject.testrunner.RunnerFile" name="runScenario" time="0.279"/>
  <system-out/>
  <testcase classname="com.dsalgoproject.testrunner.RunnerFile" name="runScenario" time="0.763"/>
  <system-out/>
  <testcase classname="com.dsalgoproject.testrunner.RunnerFile" name="runScenario" time="0.203"/>
  <system-out/>
  <testcase classname="com.dsalgoproject.testrunner.RunnerFile" name="runScenario" time="0.337"/>
  <system-out/>
  <testcase classname="com.dsalgoproject.testrunner.RunnerFile" name="runScenario" time="0.535">
    <failure message="expected [Password cannot be entirely numeric] but found [password_mismatch:The two password fields didn’t match.]" type="java.lang.AssertionError">
      <![CDATA[java.lang.AssertionError: expected [Password cannot be entirely numeric] but found [password_mismatch:The two password fields didn’t match.]
at org.testng.Assert.fail(Assert.java:110)
at org.testng.Assert.failNotEquals(Assert.java:1577)
at org.testng.Assert.assertEqualsImpl(Assert.java:149)
at org.testng.Assert.assertEquals(Assert.java:131)
at org.testng.Assert.assertEquals(Assert.java:655)
at org.testng.Assert.assertEquals(Assert.java:665)
at com.dsalgoproject.stepdefinitions.RegisterPage_StepDefinitions.the_user_should_see_the_error_message_indicating(RegisterPage_StepDefinitions.java:82)
at ✽.the user should see the error message indicating "Password cannot be entirely numeric"(file:///C:/Users/ashok/git/DS-ALGOPROJECT_MAIN/DS_ALGO_PROJECT/src/test/resources/feature/01_RegisterPageFeature.feature:41)
]]>
    </failure>
  </testcase> <!-- runScenario -->
  <system-out/>
  <testcase classname="com.dsalgoproject.testrunner.RunnerFile" name="runScenario" time="0.933"/>
  <system-out/>
  <testcase classname="com.dsalgoproject.testrunner.RunnerFile" name="runScenario" time="1.398"/>
  <system-out/>
  <testcase classname="com.dsalgoproject.testrunner.RunnerFile" name="runScenario" time="1.002"/>
  <system-out/>
  <testcase classname="com.dsalgoproject.testrunner.RunnerFile" name="runScenario" time="0.945"/>
  <system-out/>
  <testcase classname="com.dsalgoproject.testrunner.RunnerFile" name="runScenario" time="0.930"/>
  <system-out/>
  <testcase classname="com.dsalgoproject.testrunner.RunnerFile" name="runScenario" time="0.283"/>
  <system-out/>
  <testcase classname="com.dsalgoproject.testrunner.RunnerFile" name="runScenario" time="0.521">
    <failure message="expected [Password cannot be too similar to your other personal information] but found [password_mismatch:The two password fields didn’t match.]" type="java.lang.AssertionError">
      <![CDATA[java.lang.AssertionError: expected [Password cannot be too similar to your other personal information] but found [password_mismatch:The two password fields didn’t match.]
at org.testng.Assert.fail(Assert.java:110)
at org.testng.Assert.failNotEquals(Assert.java:1577)
at org.testng.Assert.assertEqualsImpl(Assert.java:149)
at org.testng.Assert.assertEquals(Assert.java:131)
at org.testng.Assert.assertEquals(Assert.java:655)
at org.testng.Assert.assertEquals(Assert.java:665)
at com.dsalgoproject.stepdefinitions.RegisterPage_StepDefinitions.the_user_should_see_the_error_message_indicating(RegisterPage_StepDefinitions.java:82)
at ✽.the user should see the error message indicating "Password cannot be too similar to your other personal information"(file:///C:/Users/ashok/git/DS-ALGOPROJECT_MAIN/DS_ALGO_PROJECT/src/test/resources/feature/01_RegisterPageFeature.feature:41)
]]>
    </failure>
  </testcase> <!-- runScenario -->
  <system-out/>
  <testcase classname="com.dsalgoproject.testrunner.RunnerFile" name="runScenario" time="0.182"/>
  <system-out/>
  <testcase classname="com.dsalgoproject.testrunner.RunnerFile" name="runScenario" time="0.271"/>
  <system-out/>
  <testcase classname="com.dsalgoproject.testrunner.RunnerFile" name="runScenario" time="0.860"/>
  <system-out/>
  <testcase classname="com.dsalgoproject.testrunner.RunnerFile" name="runScenario" time="0.512">
    <failure message="expected [New Account Created. You are logged in as coolcucumberteam] but found [password_mismatch:The two password fields didn’t match.]" type="java.lang.AssertionError">
      <![CDATA[java.lang.AssertionError: expected [New Account Created. You are logged in as coolcucumberteam] but found [password_mismatch:The two password fields didn’t match.]
at org.testng.Assert.fail(Assert.java:110)
at org.testng.Assert.failNotEquals(Assert.java:1577)
at org.testng.Assert.assertEqualsImpl(Assert.java:149)
at org.testng.Assert.assertEquals(Assert.java:131)
at org.testng.Assert.assertEquals(Assert.java:655)
at org.testng.Assert.assertEquals(Assert.java:665)
at com.dsalgoproject.stepdefinitions.RegisterPage_StepDefinitions.it_should_display_the_success_message(RegisterPage_StepDefinitions.java:93)
at ✽.It should display the success message "New Account Created. You are logged in as coolcucumberteam"(file:///C:/Users/ashok/git/DS-ALGOPROJECT_MAIN/DS_ALGO_PROJECT/src/test/resources/feature/01_RegisterPageFeature.feature:58)
]]>
    </failure>
  </testcase> <!-- runScenario -->
  <system-out/>
  <testcase classname="com.dsalgoproject.testrunner.RunnerFile" name="runScenario" time="0.527"/>
  <system-out/>
  <testcase classname="com.dsalgoproject.testrunner.RunnerFile" name="runScenario" time="1.016"/>
  <system-out/>
  <testcase classname="com.dsalgoproject.testrunner.RunnerFile" name="runScenario" time="0.802"/>
  <system-out/>
  <testcase classname="com.dsalgoproject.testrunner.RunnerFile" name="runScenario" time="0.808"/>
  <system-out/>
  <testcase classname="com.dsalgoproject.testrunner.RunnerFile" name="runScenario" time="0.982"/>
  <system-out/>
  <testcase classname="com.dsalgoproject.testrunner.RunnerFile" name="runScenario" time="0.868"/>
  <system-out/>
  <testcase classname="com.dsalgoproject.testrunner.RunnerFile" name="runScenario" time="1.024"/>
  <system-out/>
</testsuite> <!-- com.dsalgoproject.testrunner.RunnerFile -->
