<?xml version="1.0" encoding="UTF-8"?>
<testng-results ignored="0" total="116" passed="105" failed="11" skipped="0">
  <reporter-output>
  </reporter-output>
  <suite started-at="2023-08-07T23:54:24 EDT" name="Default suite" finished-at="2023-08-07T23:56:26 EDT" duration-ms="122076">
    <groups>
      <group name="cucumber">
        <method signature="AbstractTestNGCucumberTests.runScenario(io.cucumber.testng.PickleWrapper,io.cucumber.testng.FeatureWrapper)[pri:0, instance:com.dsalgoproject.testrunner.RunnerFile@652a7737]" name="runScenario" class="io.cucumber.testng.AbstractTestNGCucumberTests"/>
      </group> <!-- cucumber -->
    </groups>
    <test started-at="2023-08-07T23:54:24 EDT" name="Default test" finished-at="2023-08-07T23:56:26 EDT" duration-ms="122076">
      <class name="com.dsalgoproject.testrunner.RunnerFile">
        <test-method is-config="true" signature="setUpClass(org.testng.ITestContext)[pri:0, instance:com.dsalgoproject.testrunner.RunnerFile@652a7737]" started-at="2023-08-07T23:54:24 EDT" name="setUpClass" finished-at="2023-08-07T23:54:25 EDT" duration-ms="1064" status="PASS">
          <params>
            <param index="0">
              <value>
                <![CDATA[org.testng.TestRunner@1b232da1]]>
              </value>
            </param>
          </params>
          <reporter-output>
          </reporter-output>
        </test-method> <!-- setUpClass -->
        <test-method signature="runScenario(io.cucumber.testng.PickleWrapper,io.cucumber.testng.FeatureWrapper)[pri:0, instance:com.dsalgoproject.testrunner.RunnerFile@652a7737]" started-at="2023-08-07T23:54:25 EDT" name="runScenario" description="Runs Cucumber Scenarios" data-provider="scenarios" finished-at="2023-08-07T23:54:29 EDT" duration-ms="4006" status="PASS">
          <params>
            <param index="0">
              <value>
                <![CDATA["User launch home page of an DSALgo Project"]]>
              </value>
            </param>
            <param index="1">
              <value>
                <![CDATA["Optional[To Test the HomePage]"]]>
              </value>
            </param>
          </params>
          <reporter-output>
          </reporter-output>
        </test-method> <!-- runScenario -->
        <test-method signature="runScenario(io.cucumber.testng.PickleWrapper,io.cucumber.testng.FeatureWrapper)[pri:0, instance:com.dsalgoproject.testrunner.RunnerFile@652a7737]" started-at="2023-08-07T23:54:29 EDT" name="runScenario" description="Runs Cucumber Scenarios" data-provider="scenarios" finished-at="2023-08-07T23:54:30 EDT" duration-ms="1404" status="PASS">
          <params>
            <param index="0">
              <value>
                <![CDATA["User is clicking Data Structures"]]>
              </value>
            </param>
            <param index="1">
              <value>
                <![CDATA["Optional[To Test the HomePage]"]]>
              </value>
            </param>
          </params>
          <reporter-output>
          </reporter-output>
        </test-method> <!-- runScenario -->
        <test-method signature="runScenario(io.cucumber.testng.PickleWrapper,io.cucumber.testng.FeatureWrapper)[pri:0, instance:com.dsalgoproject.testrunner.RunnerFile@652a7737]" started-at="2023-08-07T23:54:30 EDT" name="runScenario" description="Runs Cucumber Scenarios" data-provider="scenarios" finished-at="2023-08-07T23:54:31 EDT" duration-ms="1358" status="PASS">
          <params>
            <param index="0">
              <value>
                <![CDATA["User is clicking Data Structures"]]>
              </value>
            </param>
            <param index="1">
              <value>
                <![CDATA["Optional[To Test the HomePage]"]]>
              </value>
            </param>
          </params>
          <reporter-output>
          </reporter-output>
        </test-method> <!-- runScenario -->
        <test-method signature="runScenario(io.cucumber.testng.PickleWrapper,io.cucumber.testng.FeatureWrapper)[pri:0, instance:com.dsalgoproject.testrunner.RunnerFile@652a7737]" started-at="2023-08-07T23:54:31 EDT" name="runScenario" description="Runs Cucumber Scenarios" data-provider="scenarios" finished-at="2023-08-07T23:54:33 EDT" duration-ms="1343" status="PASS">
          <params>
            <param index="0">
              <value>
                <![CDATA["User is clicking Data Structures"]]>
              </value>
            </param>
            <param index="1">
              <value>
                <![CDATA["Optional[To Test the HomePage]"]]>
              </value>
            </param>
          </params>
          <reporter-output>
          </reporter-output>
        </test-method> <!-- runScenario -->
        <test-method signature="runScenario(io.cucumber.testng.PickleWrapper,io.cucumber.testng.FeatureWrapper)[pri:0, instance:com.dsalgoproject.testrunner.RunnerFile@652a7737]" started-at="2023-08-07T23:54:33 EDT" name="runScenario" description="Runs Cucumber Scenarios" data-provider="scenarios" finished-at="2023-08-07T23:54:34 EDT" duration-ms="1320" status="PASS">
          <params>
            <param index="0">
              <value>
                <![CDATA["User is clicking Data Structures"]]>
              </value>
            </param>
            <param index="1">
              <value>
                <![CDATA["Optional[To Test the HomePage]"]]>
              </value>
            </param>
          </params>
          <reporter-output>
          </reporter-output>
        </test-method> <!-- runScenario -->
        <test-method signature="runScenario(io.cucumber.testng.PickleWrapper,io.cucumber.testng.FeatureWrapper)[pri:0, instance:com.dsalgoproject.testrunner.RunnerFile@652a7737]" started-at="2023-08-07T23:54:34 EDT" name="runScenario" description="Runs Cucumber Scenarios" data-provider="scenarios" finished-at="2023-08-07T23:54:35 EDT" duration-ms="1393" status="PASS">
          <params>
            <param index="0">
              <value>
                <![CDATA["User is clicking Data Structures"]]>
              </value>
            </param>
            <param index="1">
              <value>
                <![CDATA["Optional[To Test the HomePage]"]]>
              </value>
            </param>
          </params>
          <reporter-output>
          </reporter-output>
        </test-method> <!-- runScenario -->
        <test-method signature="runScenario(io.cucumber.testng.PickleWrapper,io.cucumber.testng.FeatureWrapper)[pri:0, instance:com.dsalgoproject.testrunner.RunnerFile@652a7737]" started-at="2023-08-07T23:54:35 EDT" name="runScenario" description="Runs Cucumber Scenarios" data-provider="scenarios" finished-at="2023-08-07T23:54:37 EDT" duration-ms="1307" status="PASS">
          <params>
            <param index="0">
              <value>
                <![CDATA["User is clicking Data Structures"]]>
              </value>
            </param>
            <param index="1">
              <value>
                <![CDATA["Optional[To Test the HomePage]"]]>
              </value>
            </param>
          </params>
          <reporter-output>
          </reporter-output>
        </test-method> <!-- runScenario -->
        <test-method signature="runScenario(io.cucumber.testng.PickleWrapper,io.cucumber.testng.FeatureWrapper)[pri:0, instance:com.dsalgoproject.testrunner.RunnerFile@652a7737]" started-at="2023-08-07T23:54:37 EDT" name="runScenario" description="Runs Cucumber Scenarios" data-provider="scenarios" finished-at="2023-08-07T23:54:37 EDT" duration-ms="301" status="PASS">
          <params>
            <param index="0">
              <value>
                <![CDATA["User is on HomePage and click getstarted link on homepage without logged in"]]>
              </value>
            </param>
            <param index="1">
              <value>
                <![CDATA["Optional[To Test the HomePage]"]]>
              </value>
            </param>
          </params>
          <reporter-output>
          </reporter-output>
        </test-method> <!-- runScenario -->
        <test-method signature="runScenario(io.cucumber.testng.PickleWrapper,io.cucumber.testng.FeatureWrapper)[pri:0, instance:com.dsalgoproject.testrunner.RunnerFile@652a7737]" started-at="2023-08-07T23:54:37 EDT" name="runScenario" description="Runs Cucumber Scenarios" data-provider="scenarios" finished-at="2023-08-07T23:54:37 EDT" duration-ms="283" status="PASS">
          <params>
            <param index="0">
              <value>
                <![CDATA["User is on HomePage and click getstarted link on homepage without logged in"]]>
              </value>
            </param>
            <param index="1">
              <value>
                <![CDATA["Optional[To Test the HomePage]"]]>
              </value>
            </param>
          </params>
          <reporter-output>
          </reporter-output>
        </test-method> <!-- runScenario -->
        <test-method signature="runScenario(io.cucumber.testng.PickleWrapper,io.cucumber.testng.FeatureWrapper)[pri:0, instance:com.dsalgoproject.testrunner.RunnerFile@652a7737]" started-at="2023-08-07T23:54:37 EDT" name="runScenario" description="Runs Cucumber Scenarios" data-provider="scenarios" finished-at="2023-08-07T23:54:38 EDT" duration-ms="243" status="PASS">
          <params>
            <param index="0">
              <value>
                <![CDATA["User is on HomePage and click getstarted link on homepage without logged in"]]>
              </value>
            </param>
            <param index="1">
              <value>
                <![CDATA["Optional[To Test the HomePage]"]]>
              </value>
            </param>
          </params>
          <reporter-output>
          </reporter-output>
        </test-method> <!-- runScenario -->
        <test-method signature="runScenario(io.cucumber.testng.PickleWrapper,io.cucumber.testng.FeatureWrapper)[pri:0, instance:com.dsalgoproject.testrunner.RunnerFile@652a7737]" started-at="2023-08-07T23:54:38 EDT" name="runScenario" description="Runs Cucumber Scenarios" data-provider="scenarios" finished-at="2023-08-07T23:54:38 EDT" duration-ms="276" status="PASS">
          <params>
            <param index="0">
              <value>
                <![CDATA["User is on HomePage and click getstarted link on homepage without logged in"]]>
              </value>
            </param>
            <param index="1">
              <value>
                <![CDATA["Optional[To Test the HomePage]"]]>
              </value>
            </param>
          </params>
          <reporter-output>
          </reporter-output>
        </test-method> <!-- runScenario -->
        <test-method signature="runScenario(io.cucumber.testng.PickleWrapper,io.cucumber.testng.FeatureWrapper)[pri:0, instance:com.dsalgoproject.testrunner.RunnerFile@652a7737]" started-at="2023-08-07T23:54:38 EDT" name="runScenario" description="Runs Cucumber Scenarios" data-provider="scenarios" finished-at="2023-08-07T23:54:38 EDT" duration-ms="303" status="PASS">
          <params>
            <param index="0">
              <value>
                <![CDATA["User is on HomePage and click getstarted link on homepage without logged in"]]>
              </value>
            </param>
            <param index="1">
              <value>
                <![CDATA["Optional[To Test the HomePage]"]]>
              </value>
            </param>
          </params>
          <reporter-output>
          </reporter-output>
        </test-method> <!-- runScenario -->
        <test-method signature="runScenario(io.cucumber.testng.PickleWrapper,io.cucumber.testng.FeatureWrapper)[pri:0, instance:com.dsalgoproject.testrunner.RunnerFile@652a7737]" started-at="2023-08-07T23:54:38 EDT" name="runScenario" description="Runs Cucumber Scenarios" data-provider="scenarios" finished-at="2023-08-07T23:54:39 EDT" duration-ms="327" status="PASS">
          <params>
            <param index="0">
              <value>
                <![CDATA["User is on HomePage and click getstarted link on homepage without logged in"]]>
              </value>
            </param>
            <param index="1">
              <value>
                <![CDATA["Optional[To Test the HomePage]"]]>
              </value>
            </param>
          </params>
          <reporter-output>
          </reporter-output>
        </test-method> <!-- runScenario -->
        <test-method signature="runScenario(io.cucumber.testng.PickleWrapper,io.cucumber.testng.FeatureWrapper)[pri:0, instance:com.dsalgoproject.testrunner.RunnerFile@652a7737]" started-at="2023-08-07T23:54:39 EDT" name="runScenario" description="Runs Cucumber Scenarios" data-provider="scenarios" finished-at="2023-08-07T23:54:39 EDT" duration-ms="270" status="PASS">
          <params>
            <param index="0">
              <value>
                <![CDATA["User is on HomePage and click getstarted link on homepage without logged in"]]>
              </value>
            </param>
            <param index="1">
              <value>
                <![CDATA["Optional[To Test the HomePage]"]]>
              </value>
            </param>
          </params>
          <reporter-output>
          </reporter-output>
        </test-method> <!-- runScenario -->
        <test-method signature="runScenario(io.cucumber.testng.PickleWrapper,io.cucumber.testng.FeatureWrapper)[pri:0, instance:com.dsalgoproject.testrunner.RunnerFile@652a7737]" started-at="2023-08-07T23:54:39 EDT" name="runScenario" description="Runs Cucumber Scenarios" data-provider="scenarios" finished-at="2023-08-07T23:54:39 EDT" duration-ms="182" status="PASS">
          <params>
            <param index="0">
              <value>
                <![CDATA["User is on Home page and click on sign in"]]>
              </value>
            </param>
            <param index="1">
              <value>
                <![CDATA["Optional[To Test the HomePage]"]]>
              </value>
            </param>
          </params>
          <reporter-output>
          </reporter-output>
        </test-method> <!-- runScenario -->
        <test-method signature="runScenario(io.cucumber.testng.PickleWrapper,io.cucumber.testng.FeatureWrapper)[pri:0, instance:com.dsalgoproject.testrunner.RunnerFile@652a7737]" started-at="2023-08-07T23:54:39 EDT" name="runScenario" description="Runs Cucumber Scenarios" data-provider="scenarios" finished-at="2023-08-07T23:54:39 EDT" duration-ms="179" status="PASS">
          <params>
            <param index="0">
              <value>
                <![CDATA["User is on Home page and click register"]]>
              </value>
            </param>
            <param index="1">
              <value>
                <![CDATA["Optional[To Test the HomePage]"]]>
              </value>
            </param>
          </params>
          <reporter-output>
          </reporter-output>
        </test-method> <!-- runScenario -->
        <test-method signature="runScenario(io.cucumber.testng.PickleWrapper,io.cucumber.testng.FeatureWrapper)[pri:0, instance:com.dsalgoproject.testrunner.RunnerFile@652a7737]" started-at="2023-08-07T23:54:39 EDT" name="runScenario" description="Runs Cucumber Scenarios" data-provider="scenarios" finished-at="2023-08-07T23:54:39 EDT" duration-ms="250" status="PASS">
          <params>
            <param index="0">
              <value>
                <![CDATA["The user is presented with error message for empty fields below username textbox"]]>
              </value>
            </param>
            <param index="1">
              <value>
                <![CDATA["Optional[Feature file to test register]"]]>
              </value>
            </param>
          </params>
          <reporter-output>
          </reporter-output>
        </test-method> <!-- runScenario -->
        <test-method signature="runScenario(io.cucumber.testng.PickleWrapper,io.cucumber.testng.FeatureWrapper)[pri:0, instance:com.dsalgoproject.testrunner.RunnerFile@652a7737]" started-at="2023-08-07T23:54:39 EDT" name="runScenario" description="Runs Cucumber Scenarios" data-provider="scenarios" finished-at="2023-08-07T23:54:40 EDT" duration-ms="203" status="PASS">
          <params>
            <param index="0">
              <value>
                <![CDATA["The user is presented with error message for empty fields below Password textbox"]]>
              </value>
            </param>
            <param index="1">
              <value>
                <![CDATA["Optional[Feature file to test register]"]]>
              </value>
            </param>
          </params>
          <reporter-output>
          </reporter-output>
        </test-method> <!-- runScenario -->
        <test-method signature="runScenario(io.cucumber.testng.PickleWrapper,io.cucumber.testng.FeatureWrapper)[pri:0, instance:com.dsalgoproject.testrunner.RunnerFile@652a7737]" started-at="2023-08-07T23:54:40 EDT" name="runScenario" description="Runs Cucumber Scenarios" data-provider="scenarios" finished-at="2023-08-07T23:54:40 EDT" duration-ms="271" status="PASS">
          <params>
            <param index="0">
              <value>
                <![CDATA["The user is presented with error message for empty fields below Password1 textbox"]]>
              </value>
            </param>
            <param index="1">
              <value>
                <![CDATA["Optional[Feature file to test register]"]]>
              </value>
            </param>
          </params>
          <reporter-output>
          </reporter-output>
        </test-method> <!-- runScenario -->
        <test-method signature="runScenario(io.cucumber.testng.PickleWrapper,io.cucumber.testng.FeatureWrapper)[pri:0, instance:com.dsalgoproject.testrunner.RunnerFile@652a7737]" started-at="2023-08-07T23:54:40 EDT" name="runScenario" description="Runs Cucumber Scenarios" data-provider="scenarios" finished-at="2023-08-07T23:54:40 EDT" duration-ms="586" status="FAIL">
          <params>
            <param index="0">
              <value>
                <![CDATA["The user is presented with an error message"]]>
              </value>
            </param>
            <param index="1">
              <value>
                <![CDATA["Optional[Feature file to test register]"]]>
              </value>
            </param>
          </params>
          <exception class="java.lang.AssertionError">
            <message>
              <![CDATA[expected [Please enter valid username] but found [password_mismatch:The two password fields didn’t match.]]]>
            </message>
            <full-stacktrace>
              <![CDATA[java.lang.AssertionError: expected [Please enter valid username] but found [password_mismatch:The two password fields didn’t match.]
at org.testng.Assert.fail(Assert.java:110)
at org.testng.Assert.failNotEquals(Assert.java:1577)
at org.testng.Assert.assertEqualsImpl(Assert.java:149)
at org.testng.Assert.assertEquals(Assert.java:131)
at org.testng.Assert.assertEquals(Assert.java:655)
at org.testng.Assert.assertEquals(Assert.java:665)
at com.dsalgoproject.stepdefinitions.RegisterPage_StepDefinitions.the_user_should_see_the_error_message_indicating(RegisterPage_StepDefinitions.java:82)
at ✽.the user should see the error message indicating "Please enter valid username"(file:///C:/Users/ashok/git/DS-ALGOPROJECT_MAIN/DS_ALGO_PROJECT/src/test/resources/feature/01_RegisterPageFeature.feature:41)
]]>
            </full-stacktrace>
          </exception> <!-- java.lang.AssertionError -->
          <reporter-output>
          </reporter-output>
        </test-method> <!-- runScenario -->
        <test-method signature="runScenario(io.cucumber.testng.PickleWrapper,io.cucumber.testng.FeatureWrapper)[pri:0, instance:com.dsalgoproject.testrunner.RunnerFile@652a7737]" started-at="2023-08-07T23:54:40 EDT" name="runScenario" description="Runs Cucumber Scenarios" data-provider="scenarios" finished-at="2023-08-07T23:54:41 EDT" duration-ms="504" status="FAIL">
          <params>
            <param index="0">
              <value>
                <![CDATA["The user is presented with an error message"]]>
              </value>
            </param>
            <param index="1">
              <value>
                <![CDATA["Optional[Feature file to test register]"]]>
              </value>
            </param>
          </params>
          <exception class="java.lang.AssertionError">
            <message>
              <![CDATA[expected [Username already exists] but found [password_mismatch:The two password fields didn’t match.]]]>
            </message>
            <full-stacktrace>
              <![CDATA[java.lang.AssertionError: expected [Username already exists] but found [password_mismatch:The two password fields didn’t match.]
at org.testng.Assert.fail(Assert.java:110)
at org.testng.Assert.failNotEquals(Assert.java:1577)
at org.testng.Assert.assertEqualsImpl(Assert.java:149)
at org.testng.Assert.assertEquals(Assert.java:131)
at org.testng.Assert.assertEquals(Assert.java:655)
at org.testng.Assert.assertEquals(Assert.java:665)
at com.dsalgoproject.stepdefinitions.RegisterPage_StepDefinitions.the_user_should_see_the_error_message_indicating(RegisterPage_StepDefinitions.java:82)
at ✽.the user should see the error message indicating "Username already exists"(file:///C:/Users/ashok/git/DS-ALGOPROJECT_MAIN/DS_ALGO_PROJECT/src/test/resources/feature/01_RegisterPageFeature.feature:41)
]]>
            </full-stacktrace>
          </exception> <!-- java.lang.AssertionError -->
          <reporter-output>
          </reporter-output>
        </test-method> <!-- runScenario -->
        <test-method signature="runScenario(io.cucumber.testng.PickleWrapper,io.cucumber.testng.FeatureWrapper)[pri:0, instance:com.dsalgoproject.testrunner.RunnerFile@652a7737]" started-at="2023-08-07T23:54:41 EDT" name="runScenario" description="Runs Cucumber Scenarios" data-provider="scenarios" finished-at="2023-08-07T23:54:41 EDT" duration-ms="475" status="PASS">
          <params>
            <param index="0">
              <value>
                <![CDATA["The user is presented with an error message"]]>
              </value>
            </param>
            <param index="1">
              <value>
                <![CDATA["Optional[Feature file to test register]"]]>
              </value>
            </param>
          </params>
          <reporter-output>
          </reporter-output>
        </test-method> <!-- runScenario -->
        <test-method signature="runScenario(io.cucumber.testng.PickleWrapper,io.cucumber.testng.FeatureWrapper)[pri:0, instance:com.dsalgoproject.testrunner.RunnerFile@652a7737]" started-at="2023-08-07T23:54:41 EDT" name="runScenario" description="Runs Cucumber Scenarios" data-provider="scenarios" finished-at="2023-08-07T23:54:42 EDT" duration-ms="585" status="FAIL">
          <params>
            <param index="0">
              <value>
                <![CDATA["The user is presented with an error message"]]>
              </value>
            </param>
            <param index="1">
              <value>
                <![CDATA["Optional[Feature file to test register]"]]>
              </value>
            </param>
          </params>
          <exception class="java.lang.AssertionError">
            <message>
              <![CDATA[expected [Password should contain at least 8 characters] but found [password_mismatch:The two password fields didn’t match.]]]>
            </message>
            <full-stacktrace>
              <![CDATA[java.lang.AssertionError: expected [Password should contain at least 8 characters] but found [password_mismatch:The two password fields didn’t match.]
at org.testng.Assert.fail(Assert.java:110)
at org.testng.Assert.failNotEquals(Assert.java:1577)
at org.testng.Assert.assertEqualsImpl(Assert.java:149)
at org.testng.Assert.assertEquals(Assert.java:131)
at org.testng.Assert.assertEquals(Assert.java:655)
at org.testng.Assert.assertEquals(Assert.java:665)
at com.dsalgoproject.stepdefinitions.RegisterPage_StepDefinitions.the_user_should_see_the_error_message_indicating(RegisterPage_StepDefinitions.java:82)
at ✽.the user should see the error message indicating "Password should contain at least 8 characters"(file:///C:/Users/ashok/git/DS-ALGOPROJECT_MAIN/DS_ALGO_PROJECT/src/test/resources/feature/01_RegisterPageFeature.feature:41)
]]>
            </full-stacktrace>
          </exception> <!-- java.lang.AssertionError -->
          <reporter-output>
          </reporter-output>
        </test-method> <!-- runScenario -->
        <test-method signature="runScenario(io.cucumber.testng.PickleWrapper,io.cucumber.testng.FeatureWrapper)[pri:0, instance:com.dsalgoproject.testrunner.RunnerFile@652a7737]" started-at="2023-08-07T23:54:42 EDT" name="runScenario" description="Runs Cucumber Scenarios" data-provider="scenarios" finished-at="2023-08-07T23:54:43 EDT" duration-ms="535" status="FAIL">
          <params>
            <param index="0">
              <value>
                <![CDATA["The user is presented with an error message"]]>
              </value>
            </param>
            <param index="1">
              <value>
                <![CDATA["Optional[Feature file to test register]"]]>
              </value>
            </param>
          </params>
          <exception class="java.lang.AssertionError">
            <message>
              <![CDATA[expected [Password cannot be entirely numeric] but found [password_mismatch:The two password fields didn’t match.]]]>
            </message>
            <full-stacktrace>
              <![CDATA[java.lang.AssertionError: expected [Password cannot be entirely numeric] but found [password_mismatch:The two password fields didn’t match.]
at org.testng.Assert.fail(Assert.java:110)
at org.testng.Assert.failNotEquals(Assert.java:1577)
at org.testng.Assert.assertEqualsImpl(Assert.java:149)
at org.testng.Assert.assertEquals(Assert.java:131)
at org.testng.Assert.assertEquals(Assert.java:655)
at org.testng.Assert.assertEquals(Assert.java:665)
at com.dsalgoproject.stepdefinitions.RegisterPage_StepDefinitions.the_user_should_see_the_error_message_indicating(RegisterPage_StepDefinitions.java:82)
at ✽.the user should see the error message indicating "Password cannot be entirely numeric"(file:///C:/Users/ashok/git/DS-ALGOPROJECT_MAIN/DS_ALGO_PROJECT/src/test/resources/feature/01_RegisterPageFeature.feature:41)
]]>
            </full-stacktrace>
          </exception> <!-- java.lang.AssertionError -->
          <reporter-output>
          </reporter-output>
        </test-method> <!-- runScenario -->
        <test-method signature="runScenario(io.cucumber.testng.PickleWrapper,io.cucumber.testng.FeatureWrapper)[pri:0, instance:com.dsalgoproject.testrunner.RunnerFile@652a7737]" started-at="2023-08-07T23:54:43 EDT" name="runScenario" description="Runs Cucumber Scenarios" data-provider="scenarios" finished-at="2023-08-07T23:54:43 EDT" duration-ms="521" status="FAIL">
          <params>
            <param index="0">
              <value>
                <![CDATA["The user is presented with an error message"]]>
              </value>
            </param>
            <param index="1">
              <value>
                <![CDATA["Optional[Feature file to test register]"]]>
              </value>
            </param>
          </params>
          <exception class="java.lang.AssertionError">
            <message>
              <![CDATA[expected [Password cannot be too similar to your other personal information] but found [password_mismatch:The two password fields didn’t match.]]]>
            </message>
            <full-stacktrace>
              <![CDATA[java.lang.AssertionError: expected [Password cannot be too similar to your other personal information] but found [password_mismatch:The two password fields didn’t match.]
at org.testng.Assert.fail(Assert.java:110)
at org.testng.Assert.failNotEquals(Assert.java:1577)
at org.testng.Assert.assertEqualsImpl(Assert.java:149)
at org.testng.Assert.assertEquals(Assert.java:131)
at org.testng.Assert.assertEquals(Assert.java:655)
at org.testng.Assert.assertEquals(Assert.java:665)
at com.dsalgoproject.stepdefinitions.RegisterPage_StepDefinitions.the_user_should_see_the_error_message_indicating(RegisterPage_StepDefinitions.java:82)
at ✽.the user should see the error message indicating "Password cannot be too similar to your other personal information"(file:///C:/Users/ashok/git/DS-ALGOPROJECT_MAIN/DS_ALGO_PROJECT/src/test/resources/feature/01_RegisterPageFeature.feature:41)
]]>
            </full-stacktrace>
          </exception> <!-- java.lang.AssertionError -->
          <reporter-output>
          </reporter-output>
        </test-method> <!-- runScenario -->
        <test-method signature="runScenario(io.cucumber.testng.PickleWrapper,io.cucumber.testng.FeatureWrapper)[pri:0, instance:com.dsalgoproject.testrunner.RunnerFile@652a7737]" started-at="2023-08-07T23:54:43 EDT" name="runScenario" description="Runs Cucumber Scenarios" data-provider="scenarios" finished-at="2023-08-07T23:54:44 EDT" duration-ms="523" status="FAIL">
          <params>
            <param index="0">
              <value>
                <![CDATA["The user is presented with an error message"]]>
              </value>
            </param>
            <param index="1">
              <value>
                <![CDATA["Optional[Feature file to test register]"]]>
              </value>
            </param>
          </params>
          <exception class="java.lang.AssertionError">
            <message>
              <![CDATA[expected [Password cannot be commonly used password] but found [password_mismatch:The two password fields didn’t match.]]]>
            </message>
            <full-stacktrace>
              <![CDATA[java.lang.AssertionError: expected [Password cannot be commonly used password] but found [password_mismatch:The two password fields didn’t match.]
at org.testng.Assert.fail(Assert.java:110)
at org.testng.Assert.failNotEquals(Assert.java:1577)
at org.testng.Assert.assertEqualsImpl(Assert.java:149)
at org.testng.Assert.assertEquals(Assert.java:131)
at org.testng.Assert.assertEquals(Assert.java:655)
at org.testng.Assert.assertEquals(Assert.java:665)
at com.dsalgoproject.stepdefinitions.RegisterPage_StepDefinitions.the_user_should_see_the_error_message_indicating(RegisterPage_StepDefinitions.java:82)
at ✽.the user should see the error message indicating "Password cannot be commonly used password"(file:///C:/Users/ashok/git/DS-ALGOPROJECT_MAIN/DS_ALGO_PROJECT/src/test/resources/feature/01_RegisterPageFeature.feature:41)
]]>
            </full-stacktrace>
          </exception> <!-- java.lang.AssertionError -->
          <reporter-output>
          </reporter-output>
        </test-method> <!-- runScenario -->
        <test-method signature="runScenario(io.cucumber.testng.PickleWrapper,io.cucumber.testng.FeatureWrapper)[pri:0, instance:com.dsalgoproject.testrunner.RunnerFile@652a7737]" started-at="2023-08-07T23:54:44 EDT" name="runScenario" description="Runs Cucumber Scenarios" data-provider="scenarios" finished-at="2023-08-07T23:54:44 EDT" duration-ms="512" status="FAIL">
          <params>
            <param index="0">
              <value>
                <![CDATA["The user is presented with success message when the user giving correct username and password"]]>
              </value>
            </param>
            <param index="1">
              <value>
                <![CDATA["Optional[Feature file to test register]"]]>
              </value>
            </param>
          </params>
          <exception class="java.lang.AssertionError">
            <message>
              <![CDATA[expected [New Account Created. You are logged in as coolcucumberteam] but found [password_mismatch:The two password fields didn’t match.]]]>
            </message>
            <full-stacktrace>
              <![CDATA[java.lang.AssertionError: expected [New Account Created. You are logged in as coolcucumberteam] but found [password_mismatch:The two password fields didn’t match.]
at org.testng.Assert.fail(Assert.java:110)
at org.testng.Assert.failNotEquals(Assert.java:1577)
at org.testng.Assert.assertEqualsImpl(Assert.java:149)
at org.testng.Assert.assertEquals(Assert.java:131)
at org.testng.Assert.assertEquals(Assert.java:655)
at org.testng.Assert.assertEquals(Assert.java:665)
at com.dsalgoproject.stepdefinitions.RegisterPage_StepDefinitions.it_should_display_the_success_message(RegisterPage_StepDefinitions.java:93)
at ✽.It should display the success message "New Account Created. You are logged in as coolcucumberteam"(file:///C:/Users/ashok/git/DS-ALGOPROJECT_MAIN/DS_ALGO_PROJECT/src/test/resources/feature/01_RegisterPageFeature.feature:58)
]]>
            </full-stacktrace>
          </exception> <!-- java.lang.AssertionError -->
          <reporter-output>
          </reporter-output>
        </test-method> <!-- runScenario -->
        <test-method signature="runScenario(io.cucumber.testng.PickleWrapper,io.cucumber.testng.FeatureWrapper)[pri:0, instance:com.dsalgoproject.testrunner.RunnerFile@652a7737]" started-at="2023-08-07T23:54:44 EDT" name="runScenario" description="Runs Cucumber Scenarios" data-provider="scenarios" finished-at="2023-08-07T23:54:45 EDT" duration-ms="409" status="PASS">
          <params>
            <param index="0">
              <value>
                <![CDATA["The user clicks on register link on signin page"]]>
              </value>
            </param>
            <param index="1">
              <value>
                <![CDATA["Optional[Navigating to Login page of DS Algo]"]]>
              </value>
            </param>
          </params>
          <reporter-output>
          </reporter-output>
        </test-method> <!-- runScenario -->
        <test-method signature="runScenario(io.cucumber.testng.PickleWrapper,io.cucumber.testng.FeatureWrapper)[pri:0, instance:com.dsalgoproject.testrunner.RunnerFile@652a7737]" started-at="2023-08-07T23:54:45 EDT" name="runScenario" description="Runs Cucumber Scenarios" data-provider="scenarios" finished-at="2023-08-07T23:54:46 EDT" duration-ms="1709" status="PASS">
          <params>
            <param index="0">
              <value>
                <![CDATA["The user is presented with error message for "Invalid Username and Password""]]>
              </value>
            </param>
            <param index="1">
              <value>
                <![CDATA["Optional[Navigating to Login page of DS Algo]"]]>
              </value>
            </param>
          </params>
          <reporter-output>
          </reporter-output>
        </test-method> <!-- runScenario -->
        <test-method signature="runScenario(io.cucumber.testng.PickleWrapper,io.cucumber.testng.FeatureWrapper)[pri:0, instance:com.dsalgoproject.testrunner.RunnerFile@652a7737]" started-at="2023-08-07T23:54:46 EDT" name="runScenario" description="Runs Cucumber Scenarios" data-provider="scenarios" finished-at="2023-08-07T23:54:47 EDT" duration-ms="535" status="PASS">
          <params>
            <param index="0">
              <value>
                <![CDATA["User is Logged into DS-Algo page"]]>
              </value>
            </param>
            <param index="1">
              <value>
                <![CDATA["Optional[User is logged into DS-Algo page and checking the DataStructures module]"]]>
              </value>
            </param>
          </params>
          <reporter-output>
          </reporter-output>
        </test-method> <!-- runScenario -->
        <test-method signature="runScenario(io.cucumber.testng.PickleWrapper,io.cucumber.testng.FeatureWrapper)[pri:0, instance:com.dsalgoproject.testrunner.RunnerFile@652a7737]" started-at="2023-08-07T23:54:47 EDT" name="runScenario" description="Runs Cucumber Scenarios" data-provider="scenarios" finished-at="2023-08-07T23:54:47 EDT" duration-ms="279" status="PASS">
          <params>
            <param index="0">
              <value>
                <![CDATA["User is able to navigate to Data Structures introduction page"]]>
              </value>
            </param>
            <param index="1">
              <value>
                <![CDATA["Optional[User is logged into DS-Algo page and checking the DataStructures module]"]]>
              </value>
            </param>
          </params>
          <reporter-output>
          </reporter-output>
        </test-method> <!-- runScenario -->
        <test-method signature="runScenario(io.cucumber.testng.PickleWrapper,io.cucumber.testng.FeatureWrapper)[pri:0, instance:com.dsalgoproject.testrunner.RunnerFile@652a7737]" started-at="2023-08-07T23:54:47 EDT" name="runScenario" description="Runs Cucumber Scenarios" data-provider="scenarios" finished-at="2023-08-07T23:54:47 EDT" duration-ms="302" status="PASS">
          <params>
            <param index="0">
              <value>
                <![CDATA["User is able to navigate to Time Complexity page"]]>
              </value>
            </param>
            <param index="1">
              <value>
                <![CDATA["Optional[User is logged into DS-Algo page and checking the DataStructures module]"]]>
              </value>
            </param>
          </params>
          <reporter-output>
          </reporter-output>
        </test-method> <!-- runScenario -->
        <test-method signature="runScenario(io.cucumber.testng.PickleWrapper,io.cucumber.testng.FeatureWrapper)[pri:0, instance:com.dsalgoproject.testrunner.RunnerFile@652a7737]" started-at="2023-08-07T23:54:47 EDT" name="runScenario" description="Runs Cucumber Scenarios" data-provider="scenarios" finished-at="2023-08-07T23:54:48 EDT" duration-ms="527" status="PASS">
          <params>
            <param index="0">
              <value>
                <![CDATA["User is able to navigate to a page having a tryEditor from the Time Complexity page"]]>
              </value>
            </param>
            <param index="1">
              <value>
                <![CDATA["Optional[User is logged into DS-Algo page and checking the DataStructures module]"]]>
              </value>
            </param>
          </params>
          <reporter-output>
          </reporter-output>
        </test-method> <!-- runScenario -->
        <test-method signature="runScenario(io.cucumber.testng.PickleWrapper,io.cucumber.testng.FeatureWrapper)[pri:0, instance:com.dsalgoproject.testrunner.RunnerFile@652a7737]" started-at="2023-08-07T23:54:48 EDT" name="runScenario" description="Runs Cucumber Scenarios" data-provider="scenarios" finished-at="2023-08-07T23:54:48 EDT" duration-ms="367" status="PASS">
          <params>
            <param index="0">
              <value>
                <![CDATA["User is able to run code in tryEditor"]]>
              </value>
            </param>
            <param index="1">
              <value>
                <![CDATA["Optional[User is logged into DS-Algo page and checking the DataStructures module]"]]>
              </value>
            </param>
          </params>
          <reporter-output>
          </reporter-output>
        </test-method> <!-- runScenario -->
        <test-method signature="runScenario(io.cucumber.testng.PickleWrapper,io.cucumber.testng.FeatureWrapper)[pri:0, instance:com.dsalgoproject.testrunner.RunnerFile@652a7737]" started-at="2023-08-07T23:54:48 EDT" name="runScenario" description="Runs Cucumber Scenarios" data-provider="scenarios" finished-at="2023-08-07T23:54:49 EDT" duration-ms="408" status="PASS">
          <params>
            <param index="0">
              <value>
                <![CDATA["The User is able to run code with invalid syntax in tryEditor"]]>
              </value>
            </param>
            <param index="1">
              <value>
                <![CDATA["Optional[User is logged into DS-Algo page and checking the DataStructures module]"]]>
              </value>
            </param>
          </params>
          <reporter-output>
          </reporter-output>
        </test-method> <!-- runScenario -->
        <test-method signature="runScenario(io.cucumber.testng.PickleWrapper,io.cucumber.testng.FeatureWrapper)[pri:0, instance:com.dsalgoproject.testrunner.RunnerFile@652a7737]" started-at="2023-08-07T23:54:49 EDT" name="runScenario" description="Runs Cucumber Scenarios" data-provider="scenarios" finished-at="2023-08-07T23:54:50 EDT" duration-ms="1358" status="PASS">
          <params>
            <param index="0">
              <value>
                <![CDATA["The User is able to navigate to Array Data Structure Page"]]>
              </value>
            </param>
            <param index="1">
              <value>
                <![CDATA["Optional[To test the Array Page]"]]>
              </value>
            </param>
          </params>
          <reporter-output>
          </reporter-output>
        </test-method> <!-- runScenario -->
        <test-method signature="runScenario(io.cucumber.testng.PickleWrapper,io.cucumber.testng.FeatureWrapper)[pri:0, instance:com.dsalgoproject.testrunner.RunnerFile@652a7737]" started-at="2023-08-07T23:54:50 EDT" name="runScenario" description="Runs Cucumber Scenarios" data-provider="scenarios" finished-at="2023-08-07T23:54:51 EDT" duration-ms="1049" status="PASS">
          <params>
            <param index="0">
              <value>
                <![CDATA["The user is able to navigate to Arrays Page and run code in tryEditor page"]]>
              </value>
            </param>
            <param index="1">
              <value>
                <![CDATA["Optional[To test the Array Page]"]]>
              </value>
            </param>
          </params>
          <reporter-output>
          </reporter-output>
        </test-method> <!-- runScenario -->
        <test-method signature="runScenario(io.cucumber.testng.PickleWrapper,io.cucumber.testng.FeatureWrapper)[pri:0, instance:com.dsalgoproject.testrunner.RunnerFile@652a7737]" started-at="2023-08-07T23:54:51 EDT" name="runScenario" description="Runs Cucumber Scenarios" data-provider="scenarios" finished-at="2023-08-07T23:54:52 EDT" duration-ms="980" status="PASS">
          <params>
            <param index="0">
              <value>
                <![CDATA["The user is able to navigate to Arrays Page and run code in tryEditor page"]]>
              </value>
            </param>
            <param index="1">
              <value>
                <![CDATA["Optional[To test the Array Page]"]]>
              </value>
            </param>
          </params>
          <reporter-output>
          </reporter-output>
        </test-method> <!-- runScenario -->
        <test-method signature="runScenario(io.cucumber.testng.PickleWrapper,io.cucumber.testng.FeatureWrapper)[pri:0, instance:com.dsalgoproject.testrunner.RunnerFile@652a7737]" started-at="2023-08-07T23:54:52 EDT" name="runScenario" description="Runs Cucumber Scenarios" data-provider="scenarios" finished-at="2023-08-07T23:54:53 EDT" duration-ms="1059" status="PASS">
          <params>
            <param index="0">
              <value>
                <![CDATA["The user is able to navigate to Arrays Page and run code in tryEditor page"]]>
              </value>
            </param>
            <param index="1">
              <value>
                <![CDATA["Optional[To test the Array Page]"]]>
              </value>
            </param>
          </params>
          <reporter-output>
          </reporter-output>
        </test-method> <!-- runScenario -->
        <test-method signature="runScenario(io.cucumber.testng.PickleWrapper,io.cucumber.testng.FeatureWrapper)[pri:0, instance:com.dsalgoproject.testrunner.RunnerFile@652a7737]" started-at="2023-08-07T23:54:53 EDT" name="runScenario" description="Runs Cucumber Scenarios" data-provider="scenarios" finished-at="2023-08-07T23:54:54 EDT" duration-ms="1171" status="PASS">
          <params>
            <param index="0">
              <value>
                <![CDATA["The user is able to navigate to Arrays Page and run code in tryEditor page"]]>
              </value>
            </param>
            <param index="1">
              <value>
                <![CDATA["Optional[To test the Array Page]"]]>
              </value>
            </param>
          </params>
          <reporter-output>
          </reporter-output>
        </test-method> <!-- runScenario -->
        <test-method signature="runScenario(io.cucumber.testng.PickleWrapper,io.cucumber.testng.FeatureWrapper)[pri:0, instance:com.dsalgoproject.testrunner.RunnerFile@652a7737]" started-at="2023-08-07T23:54:54 EDT" name="runScenario" description="Runs Cucumber Scenarios" data-provider="scenarios" finished-at="2023-08-07T23:54:56 EDT" duration-ms="1645" status="PASS">
          <params>
            <param index="0">
              <value>
                <![CDATA["The user is in Arrays Page and run code in tryEditor page"]]>
              </value>
            </param>
            <param index="1">
              <value>
                <![CDATA["Optional[To test the Array Page]"]]>
              </value>
            </param>
          </params>
          <reporter-output>
          </reporter-output>
        </test-method> <!-- runScenario -->
        <test-method signature="runScenario(io.cucumber.testng.PickleWrapper,io.cucumber.testng.FeatureWrapper)[pri:0, instance:com.dsalgoproject.testrunner.RunnerFile@652a7737]" started-at="2023-08-07T23:54:56 EDT" name="runScenario" description="Runs Cucumber Scenarios" data-provider="scenarios" finished-at="2023-08-07T23:54:57 EDT" duration-ms="907" status="PASS">
          <params>
            <param index="0">
              <value>
                <![CDATA["The user is in Arrays Page and run code in tryEditor page"]]>
              </value>
            </param>
            <param index="1">
              <value>
                <![CDATA["Optional[To test the Array Page]"]]>
              </value>
            </param>
          </params>
          <reporter-output>
          </reporter-output>
        </test-method> <!-- runScenario -->
        <test-method signature="runScenario(io.cucumber.testng.PickleWrapper,io.cucumber.testng.FeatureWrapper)[pri:0, instance:com.dsalgoproject.testrunner.RunnerFile@652a7737]" started-at="2023-08-07T23:54:57 EDT" name="runScenario" description="Runs Cucumber Scenarios" data-provider="scenarios" finished-at="2023-08-07T23:54:58 EDT" duration-ms="799" status="PASS">
          <params>
            <param index="0">
              <value>
                <![CDATA["The user is in Arrays Page and run code in tryEditor page"]]>
              </value>
            </param>
            <param index="1">
              <value>
                <![CDATA["Optional[To test the Array Page]"]]>
              </value>
            </param>
          </params>
          <reporter-output>
          </reporter-output>
        </test-method> <!-- runScenario -->
        <test-method signature="runScenario(io.cucumber.testng.PickleWrapper,io.cucumber.testng.FeatureWrapper)[pri:0, instance:com.dsalgoproject.testrunner.RunnerFile@652a7737]" started-at="2023-08-07T23:54:58 EDT" name="runScenario" description="Runs Cucumber Scenarios" data-provider="scenarios" finished-at="2023-08-07T23:54:59 EDT" duration-ms="893" status="PASS">
          <params>
            <param index="0">
              <value>
                <![CDATA["The user is in Arrays Page and run code in tryEditor page"]]>
              </value>
            </param>
            <param index="1">
              <value>
                <![CDATA["Optional[To test the Array Page]"]]>
              </value>
            </param>
          </params>
          <reporter-output>
          </reporter-output>
        </test-method> <!-- runScenario -->
        <test-method signature="runScenario(io.cucumber.testng.PickleWrapper,io.cucumber.testng.FeatureWrapper)[pri:0, instance:com.dsalgoproject.testrunner.RunnerFile@652a7737]" started-at="2023-08-07T23:54:59 EDT" name="runScenario" description="Runs Cucumber Scenarios" data-provider="scenarios" finished-at="2023-08-07T23:54:59 EDT" duration-ms="337" status="PASS">
          <params>
            <param index="0">
              <value>
                <![CDATA["The User navigates to practice page in Arrays"]]>
              </value>
            </param>
            <param index="1">
              <value>
                <![CDATA["Optional[To test the Array Page]"]]>
              </value>
            </param>
          </params>
          <reporter-output>
          </reporter-output>
        </test-method> <!-- runScenario -->
        <test-method signature="runScenario(io.cucumber.testng.PickleWrapper,io.cucumber.testng.FeatureWrapper)[pri:0, instance:com.dsalgoproject.testrunner.RunnerFile@652a7737]" started-at="2023-08-07T23:54:59 EDT" name="runScenario" description="Runs Cucumber Scenarios" data-provider="scenarios" finished-at="2023-08-07T23:55:00 EDT" duration-ms="931" status="FAIL">
          <params>
            <param index="0">
              <value>
                <![CDATA["The user is in Array Practice Page and run code for each examples"]]>
              </value>
            </param>
            <param index="1">
              <value>
                <![CDATA["Optional[To test the Array Page]"]]>
              </value>
            </param>
          </params>
          <exception class="org.openqa.selenium.UnhandledAlertException">
            <message>
              <![CDATA[unexpected alert open: {Alert text : SyntaxError: bad input on line 3}
  (Session info: chrome=115.0.5790.170): SyntaxError: bad input on line 3
Build info: version: '4.10.0', revision: 'c14d967899'
System info: os.name: 'Windows 11', os.arch: 'amd64', os.version: '10.0', java.version: '20.0.1'
Driver info: org.openqa.selenium.chrome.ChromeDriver
Command: [5f60af3c07cd1bfec2ba1375e72fab8a, findElement {using=id, value=output}]
Capabilities {acceptInsecureCerts: false, browserName: chrome, browserVersion: 115.0.5790.170, chrome: {chromedriverVersion: 114.0.5735.90 (386bc09e8f4f..., userDataDir: C:\Users\ashok\AppData\Loca...}, goog:chromeOptions: {debuggerAddress: localhost:56456}, networkConnectionEnabled: false, pageLoadStrategy: normal, platformName: windows, proxy: Proxy(), se:cdp: ws://localhost:56456/devtoo..., se:cdpVersion: 115.0.5790.170, setWindowRect: true, strictFileInteractability: false, timeouts: {implicit: 0, pageLoad: 300000, script: 30000}, unhandledPromptBehavior: dismiss and notify, webauthn:extension:credBlob: true, webauthn:extension:largeBlob: true, webauthn:extension:minPinLength: true, webauthn:extension:prf: true, webauthn:virtualAuthenticators: true}
Session ID: 5f60af3c07cd1bfec2ba1375e72fab8a]]>
            </message>
            <full-stacktrace>
              <![CDATA[org.openqa.selenium.UnhandledAlertException: unexpected alert open: {Alert text : SyntaxError: bad input on line 3}
  (Session info: chrome=115.0.5790.170): SyntaxError: bad input on line 3
Build info: version: '4.10.0', revision: 'c14d967899'
System info: os.name: 'Windows 11', os.arch: 'amd64', os.version: '10.0', java.version: '20.0.1'
Driver info: org.openqa.selenium.chrome.ChromeDriver
Command: [5f60af3c07cd1bfec2ba1375e72fab8a, findElement {using=id, value=output}]
Capabilities {acceptInsecureCerts: false, browserName: chrome, browserVersion: 115.0.5790.170, chrome: {chromedriverVersion: 114.0.5735.90 (386bc09e8f4f..., userDataDir: C:\Users\ashok\AppData\Loca...}, goog:chromeOptions: {debuggerAddress: localhost:56456}, networkConnectionEnabled: false, pageLoadStrategy: normal, platformName: windows, proxy: Proxy(), se:cdp: ws://localhost:56456/devtoo..., se:cdpVersion: 115.0.5790.170, setWindowRect: true, strictFileInteractability: false, timeouts: {implicit: 0, pageLoad: 300000, script: 30000}, unhandledPromptBehavior: dismiss and notify, webauthn:extension:credBlob: true, webauthn:extension:largeBlob: true, webauthn:extension:minPinLength: true, webauthn:extension:prf: true, webauthn:virtualAuthenticators: true}
Session ID: 5f60af3c07cd1bfec2ba1375e72fab8a
at org.openqa.selenium.remote.codec.w3c.W3CHttpResponseCodec.decode(W3CHttpResponseCodec.java:130)
at org.openqa.selenium.remote.codec.w3c.W3CHttpResponseCodec.decode(W3CHttpResponseCodec.java:51)
at org.openqa.selenium.remote.HttpCommandExecutor.execute(HttpCommandExecutor.java:191)
at org.openqa.selenium.remote.service.DriverCommandExecutor.invokeExecute(DriverCommandExecutor.java:196)
at org.openqa.selenium.remote.service.DriverCommandExecutor.execute(DriverCommandExecutor.java:171)
at org.openqa.selenium.remote.RemoteWebDriver.execute(RemoteWebDriver.java:531)
at org.openqa.selenium.remote.ElementLocation$ElementFinder$2.findElement(ElementLocation.java:165)
at org.openqa.selenium.remote.ElementLocation.findElement(ElementLocation.java:59)
at org.openqa.selenium.remote.RemoteWebDriver.findElement(RemoteWebDriver.java:350)
at org.openqa.selenium.remote.RemoteWebDriver.findElement(RemoteWebDriver.java:344)
at org.openqa.selenium.support.pagefactory.DefaultElementLocator.findElement(DefaultElementLocator.java:68)
at org.openqa.selenium.support.pagefactory.internal.LocatingElementHandler.invoke(LocatingElementHandler.java:38)
at jdk.proxy2/jdk.proxy2.$Proxy42.getText(Unknown Source)
at com.dsalgoproject.pageobjects.ArrayPage_PageObject.getMeesageinPractice(ArrayPage_PageObject.java:204)
at com.dsalgoproject.stepdefinitions.ArrayPage_StepDefinitions.the_user_should_be_presented_with_run_result_in_practice_page(ArrayPage_StepDefinitions.java:128)
at ✽.the user should be presented with Run result "hello World" in Practice Page(file:///C:/Users/ashok/git/DS-ALGOPROJECT_MAIN/DS_ALGO_PROJECT/src/test/resources/feature/04_ArrayPageFeature.feature:70)
]]>
            </full-stacktrace>
          </exception> <!-- org.openqa.selenium.UnhandledAlertException -->
          <reporter-output>
          </reporter-output>
        </test-method> <!-- runScenario -->
        <test-method signature="runScenario(io.cucumber.testng.PickleWrapper,io.cucumber.testng.FeatureWrapper)[pri:0, instance:com.dsalgoproject.testrunner.RunnerFile@652a7737]" started-at="2023-08-07T23:55:00 EDT" name="runScenario" description="Runs Cucumber Scenarios" data-provider="scenarios" finished-at="2023-08-07T23:55:01 EDT" duration-ms="818" status="FAIL">
          <params>
            <param index="0">
              <value>
                <![CDATA["The user is in Array Practice Page and run code for each examples"]]>
              </value>
            </param>
            <param index="1">
              <value>
                <![CDATA["Optional[To test the Array Page]"]]>
              </value>
            </param>
          </params>
          <exception class="org.openqa.selenium.UnhandledAlertException">
            <message>
              <![CDATA[unexpected alert open: {Alert text : SyntaxError: bad input on line 3}
  (Session info: chrome=115.0.5790.170): SyntaxError: bad input on line 3
Build info: version: '4.10.0', revision: 'c14d967899'
System info: os.name: 'Windows 11', os.arch: 'amd64', os.version: '10.0', java.version: '20.0.1'
Driver info: org.openqa.selenium.chrome.ChromeDriver
Command: [5f60af3c07cd1bfec2ba1375e72fab8a, findElement {using=id, value=output}]
Capabilities {acceptInsecureCerts: false, browserName: chrome, browserVersion: 115.0.5790.170, chrome: {chromedriverVersion: 114.0.5735.90 (386bc09e8f4f..., userDataDir: C:\Users\ashok\AppData\Loca...}, goog:chromeOptions: {debuggerAddress: localhost:56456}, networkConnectionEnabled: false, pageLoadStrategy: normal, platformName: windows, proxy: Proxy(), se:cdp: ws://localhost:56456/devtoo..., se:cdpVersion: 115.0.5790.170, setWindowRect: true, strictFileInteractability: false, timeouts: {implicit: 0, pageLoad: 300000, script: 30000}, unhandledPromptBehavior: dismiss and notify, webauthn:extension:credBlob: true, webauthn:extension:largeBlob: true, webauthn:extension:minPinLength: true, webauthn:extension:prf: true, webauthn:virtualAuthenticators: true}
Session ID: 5f60af3c07cd1bfec2ba1375e72fab8a]]>
            </message>
            <full-stacktrace>
              <![CDATA[org.openqa.selenium.UnhandledAlertException: unexpected alert open: {Alert text : SyntaxError: bad input on line 3}
  (Session info: chrome=115.0.5790.170): SyntaxError: bad input on line 3
Build info: version: '4.10.0', revision: 'c14d967899'
System info: os.name: 'Windows 11', os.arch: 'amd64', os.version: '10.0', java.version: '20.0.1'
Driver info: org.openqa.selenium.chrome.ChromeDriver
Command: [5f60af3c07cd1bfec2ba1375e72fab8a, findElement {using=id, value=output}]
Capabilities {acceptInsecureCerts: false, browserName: chrome, browserVersion: 115.0.5790.170, chrome: {chromedriverVersion: 114.0.5735.90 (386bc09e8f4f..., userDataDir: C:\Users\ashok\AppData\Loca...}, goog:chromeOptions: {debuggerAddress: localhost:56456}, networkConnectionEnabled: false, pageLoadStrategy: normal, platformName: windows, proxy: Proxy(), se:cdp: ws://localhost:56456/devtoo..., se:cdpVersion: 115.0.5790.170, setWindowRect: true, strictFileInteractability: false, timeouts: {implicit: 0, pageLoad: 300000, script: 30000}, unhandledPromptBehavior: dismiss and notify, webauthn:extension:credBlob: true, webauthn:extension:largeBlob: true, webauthn:extension:minPinLength: true, webauthn:extension:prf: true, webauthn:virtualAuthenticators: true}
Session ID: 5f60af3c07cd1bfec2ba1375e72fab8a
at org.openqa.selenium.remote.codec.w3c.W3CHttpResponseCodec.decode(W3CHttpResponseCodec.java:130)
at org.openqa.selenium.remote.codec.w3c.W3CHttpResponseCodec.decode(W3CHttpResponseCodec.java:51)
at org.openqa.selenium.remote.HttpCommandExecutor.execute(HttpCommandExecutor.java:191)
at org.openqa.selenium.remote.service.DriverCommandExecutor.invokeExecute(DriverCommandExecutor.java:196)
at org.openqa.selenium.remote.service.DriverCommandExecutor.execute(DriverCommandExecutor.java:171)
at org.openqa.selenium.remote.RemoteWebDriver.execute(RemoteWebDriver.java:531)
at org.openqa.selenium.remote.ElementLocation$ElementFinder$2.findElement(ElementLocation.java:165)
at org.openqa.selenium.remote.ElementLocation.findElement(ElementLocation.java:59)
at org.openqa.selenium.remote.RemoteWebDriver.findElement(RemoteWebDriver.java:350)
at org.openqa.selenium.remote.RemoteWebDriver.findElement(RemoteWebDriver.java:344)
at org.openqa.selenium.support.pagefactory.DefaultElementLocator.findElement(DefaultElementLocator.java:68)
at org.openqa.selenium.support.pagefactory.internal.LocatingElementHandler.invoke(LocatingElementHandler.java:38)
at jdk.proxy2/jdk.proxy2.$Proxy42.getText(Unknown Source)
at com.dsalgoproject.pageobjects.ArrayPage_PageObject.getMeesageinPractice(ArrayPage_PageObject.java:204)
at com.dsalgoproject.stepdefinitions.ArrayPage_StepDefinitions.the_user_should_be_presented_with_run_result_in_practice_page(ArrayPage_StepDefinitions.java:128)
at ✽.the user should be presented with Run result "hello World" in Practice Page(file:///C:/Users/ashok/git/DS-ALGOPROJECT_MAIN/DS_ALGO_PROJECT/src/test/resources/feature/04_ArrayPageFeature.feature:70)
]]>
            </full-stacktrace>
          </exception> <!-- org.openqa.selenium.UnhandledAlertException -->
          <reporter-output>
          </reporter-output>
        </test-method> <!-- runScenario -->
        <test-method signature="runScenario(io.cucumber.testng.PickleWrapper,io.cucumber.testng.FeatureWrapper)[pri:0, instance:com.dsalgoproject.testrunner.RunnerFile@652a7737]" started-at="2023-08-07T23:55:01 EDT" name="runScenario" description="Runs Cucumber Scenarios" data-provider="scenarios" finished-at="2023-08-07T23:55:01 EDT" duration-ms="756" status="FAIL">
          <params>
            <param index="0">
              <value>
                <![CDATA["The user is in Array Practice Page and run code for each examples"]]>
              </value>
            </param>
            <param index="1">
              <value>
                <![CDATA["Optional[To test the Array Page]"]]>
              </value>
            </param>
          </params>
          <exception class="org.openqa.selenium.UnhandledAlertException">
            <message>
              <![CDATA[unexpected alert open: {Alert text : SyntaxError: bad input on line 3}
  (Session info: chrome=115.0.5790.170): SyntaxError: bad input on line 3
Build info: version: '4.10.0', revision: 'c14d967899'
System info: os.name: 'Windows 11', os.arch: 'amd64', os.version: '10.0', java.version: '20.0.1'
Driver info: org.openqa.selenium.chrome.ChromeDriver
Command: [5f60af3c07cd1bfec2ba1375e72fab8a, findElement {using=id, value=output}]
Capabilities {acceptInsecureCerts: false, browserName: chrome, browserVersion: 115.0.5790.170, chrome: {chromedriverVersion: 114.0.5735.90 (386bc09e8f4f..., userDataDir: C:\Users\ashok\AppData\Loca...}, goog:chromeOptions: {debuggerAddress: localhost:56456}, networkConnectionEnabled: false, pageLoadStrategy: normal, platformName: windows, proxy: Proxy(), se:cdp: ws://localhost:56456/devtoo..., se:cdpVersion: 115.0.5790.170, setWindowRect: true, strictFileInteractability: false, timeouts: {implicit: 0, pageLoad: 300000, script: 30000}, unhandledPromptBehavior: dismiss and notify, webauthn:extension:credBlob: true, webauthn:extension:largeBlob: true, webauthn:extension:minPinLength: true, webauthn:extension:prf: true, webauthn:virtualAuthenticators: true}
Session ID: 5f60af3c07cd1bfec2ba1375e72fab8a]]>
            </message>
            <full-stacktrace>
              <![CDATA[org.openqa.selenium.UnhandledAlertException: unexpected alert open: {Alert text : SyntaxError: bad input on line 3}
  (Session info: chrome=115.0.5790.170): SyntaxError: bad input on line 3
Build info: version: '4.10.0', revision: 'c14d967899'
System info: os.name: 'Windows 11', os.arch: 'amd64', os.version: '10.0', java.version: '20.0.1'
Driver info: org.openqa.selenium.chrome.ChromeDriver
Command: [5f60af3c07cd1bfec2ba1375e72fab8a, findElement {using=id, value=output}]
Capabilities {acceptInsecureCerts: false, browserName: chrome, browserVersion: 115.0.5790.170, chrome: {chromedriverVersion: 114.0.5735.90 (386bc09e8f4f..., userDataDir: C:\Users\ashok\AppData\Loca...}, goog:chromeOptions: {debuggerAddress: localhost:56456}, networkConnectionEnabled: false, pageLoadStrategy: normal, platformName: windows, proxy: Proxy(), se:cdp: ws://localhost:56456/devtoo..., se:cdpVersion: 115.0.5790.170, setWindowRect: true, strictFileInteractability: false, timeouts: {implicit: 0, pageLoad: 300000, script: 30000}, unhandledPromptBehavior: dismiss and notify, webauthn:extension:credBlob: true, webauthn:extension:largeBlob: true, webauthn:extension:minPinLength: true, webauthn:extension:prf: true, webauthn:virtualAuthenticators: true}
Session ID: 5f60af3c07cd1bfec2ba1375e72fab8a
at org.openqa.selenium.remote.codec.w3c.W3CHttpResponseCodec.decode(W3CHttpResponseCodec.java:130)
at org.openqa.selenium.remote.codec.w3c.W3CHttpResponseCodec.decode(W3CHttpResponseCodec.java:51)
at org.openqa.selenium.remote.HttpCommandExecutor.execute(HttpCommandExecutor.java:191)
at org.openqa.selenium.remote.service.DriverCommandExecutor.invokeExecute(DriverCommandExecutor.java:196)
at org.openqa.selenium.remote.service.DriverCommandExecutor.execute(DriverCommandExecutor.java:171)
at org.openqa.selenium.remote.RemoteWebDriver.execute(RemoteWebDriver.java:531)
at org.openqa.selenium.remote.ElementLocation$ElementFinder$2.findElement(ElementLocation.java:165)
at org.openqa.selenium.remote.ElementLocation.findElement(ElementLocation.java:59)
at org.openqa.selenium.remote.RemoteWebDriver.findElement(RemoteWebDriver.java:350)
at org.openqa.selenium.remote.RemoteWebDriver.findElement(RemoteWebDriver.java:344)
at org.openqa.selenium.support.pagefactory.DefaultElementLocator.findElement(DefaultElementLocator.java:68)
at org.openqa.selenium.support.pagefactory.internal.LocatingElementHandler.invoke(LocatingElementHandler.java:38)
at jdk.proxy2/jdk.proxy2.$Proxy42.getText(Unknown Source)
at com.dsalgoproject.pageobjects.ArrayPage_PageObject.getMeesageinPractice(ArrayPage_PageObject.java:204)
at com.dsalgoproject.stepdefinitions.ArrayPage_StepDefinitions.the_user_should_be_presented_with_run_result_in_practice_page(ArrayPage_StepDefinitions.java:128)
at ✽.the user should be presented with Run result "hello World" in Practice Page(file:///C:/Users/ashok/git/DS-ALGOPROJECT_MAIN/DS_ALGO_PROJECT/src/test/resources/feature/04_ArrayPageFeature.feature:70)
]]>
            </full-stacktrace>
          </exception> <!-- org.openqa.selenium.UnhandledAlertException -->
          <reporter-output>
          </reporter-output>
        </test-method> <!-- runScenario -->
        <test-method signature="runScenario(io.cucumber.testng.PickleWrapper,io.cucumber.testng.FeatureWrapper)[pri:0, instance:com.dsalgoproject.testrunner.RunnerFile@652a7737]" started-at="2023-08-07T23:55:01 EDT" name="runScenario" description="Runs Cucumber Scenarios" data-provider="scenarios" finished-at="2023-08-07T23:55:03 EDT" duration-ms="1073" status="FAIL">
          <params>
            <param index="0">
              <value>
                <![CDATA["The user is in Array Practice Page and run code for each examples"]]>
              </value>
            </param>
            <param index="1">
              <value>
                <![CDATA["Optional[To test the Array Page]"]]>
              </value>
            </param>
          </params>
          <exception class="org.openqa.selenium.UnhandledAlertException">
            <message>
              <![CDATA[unexpected alert open: {Alert text : SyntaxError: bad input on line 3}
  (Session info: chrome=115.0.5790.170): SyntaxError: bad input on line 3
Build info: version: '4.10.0', revision: 'c14d967899'
System info: os.name: 'Windows 11', os.arch: 'amd64', os.version: '10.0', java.version: '20.0.1'
Driver info: org.openqa.selenium.chrome.ChromeDriver
Command: [5f60af3c07cd1bfec2ba1375e72fab8a, findElement {using=id, value=output}]
Capabilities {acceptInsecureCerts: false, browserName: chrome, browserVersion: 115.0.5790.170, chrome: {chromedriverVersion: 114.0.5735.90 (386bc09e8f4f..., userDataDir: C:\Users\ashok\AppData\Loca...}, goog:chromeOptions: {debuggerAddress: localhost:56456}, networkConnectionEnabled: false, pageLoadStrategy: normal, platformName: windows, proxy: Proxy(), se:cdp: ws://localhost:56456/devtoo..., se:cdpVersion: 115.0.5790.170, setWindowRect: true, strictFileInteractability: false, timeouts: {implicit: 0, pageLoad: 300000, script: 30000}, unhandledPromptBehavior: dismiss and notify, webauthn:extension:credBlob: true, webauthn:extension:largeBlob: true, webauthn:extension:minPinLength: true, webauthn:extension:prf: true, webauthn:virtualAuthenticators: true}
Session ID: 5f60af3c07cd1bfec2ba1375e72fab8a]]>
            </message>
            <full-stacktrace>
              <![CDATA[org.openqa.selenium.UnhandledAlertException: unexpected alert open: {Alert text : SyntaxError: bad input on line 3}
  (Session info: chrome=115.0.5790.170): SyntaxError: bad input on line 3
Build info: version: '4.10.0', revision: 'c14d967899'
System info: os.name: 'Windows 11', os.arch: 'amd64', os.version: '10.0', java.version: '20.0.1'
Driver info: org.openqa.selenium.chrome.ChromeDriver
Command: [5f60af3c07cd1bfec2ba1375e72fab8a, findElement {using=id, value=output}]
Capabilities {acceptInsecureCerts: false, browserName: chrome, browserVersion: 115.0.5790.170, chrome: {chromedriverVersion: 114.0.5735.90 (386bc09e8f4f..., userDataDir: C:\Users\ashok\AppData\Loca...}, goog:chromeOptions: {debuggerAddress: localhost:56456}, networkConnectionEnabled: false, pageLoadStrategy: normal, platformName: windows, proxy: Proxy(), se:cdp: ws://localhost:56456/devtoo..., se:cdpVersion: 115.0.5790.170, setWindowRect: true, strictFileInteractability: false, timeouts: {implicit: 0, pageLoad: 300000, script: 30000}, unhandledPromptBehavior: dismiss and notify, webauthn:extension:credBlob: true, webauthn:extension:largeBlob: true, webauthn:extension:minPinLength: true, webauthn:extension:prf: true, webauthn:virtualAuthenticators: true}
Session ID: 5f60af3c07cd1bfec2ba1375e72fab8a
at org.openqa.selenium.remote.codec.w3c.W3CHttpResponseCodec.decode(W3CHttpResponseCodec.java:130)
at org.openqa.selenium.remote.codec.w3c.W3CHttpResponseCodec.decode(W3CHttpResponseCodec.java:51)
at org.openqa.selenium.remote.HttpCommandExecutor.execute(HttpCommandExecutor.java:191)
at org.openqa.selenium.remote.service.DriverCommandExecutor.invokeExecute(DriverCommandExecutor.java:196)
at org.openqa.selenium.remote.service.DriverCommandExecutor.execute(DriverCommandExecutor.java:171)
at org.openqa.selenium.remote.RemoteWebDriver.execute(RemoteWebDriver.java:531)
at org.openqa.selenium.remote.ElementLocation$ElementFinder$2.findElement(ElementLocation.java:165)
at org.openqa.selenium.remote.ElementLocation.findElement(ElementLocation.java:59)
at org.openqa.selenium.remote.RemoteWebDriver.findElement(RemoteWebDriver.java:350)
at org.openqa.selenium.remote.RemoteWebDriver.findElement(RemoteWebDriver.java:344)
at org.openqa.selenium.support.pagefactory.DefaultElementLocator.findElement(DefaultElementLocator.java:68)
at org.openqa.selenium.support.pagefactory.internal.LocatingElementHandler.invoke(LocatingElementHandler.java:38)
at jdk.proxy2/jdk.proxy2.$Proxy42.getText(Unknown Source)
at com.dsalgoproject.pageobjects.ArrayPage_PageObject.getMeesageinPractice(ArrayPage_PageObject.java:204)
at com.dsalgoproject.stepdefinitions.ArrayPage_StepDefinitions.the_user_should_be_presented_with_run_result_in_practice_page(ArrayPage_StepDefinitions.java:128)
at ✽.the user should be presented with Run result "hello World" in Practice Page(file:///C:/Users/ashok/git/DS-ALGOPROJECT_MAIN/DS_ALGO_PROJECT/src/test/resources/feature/04_ArrayPageFeature.feature:70)
]]>
            </full-stacktrace>
          </exception> <!-- org.openqa.selenium.UnhandledAlertException -->
          <reporter-output>
          </reporter-output>
        </test-method> <!-- runScenario -->
        <test-method signature="runScenario(io.cucumber.testng.PickleWrapper,io.cucumber.testng.FeatureWrapper)[pri:0, instance:com.dsalgoproject.testrunner.RunnerFile@652a7737]" started-at="2023-08-07T23:55:03 EDT" name="runScenario" description="Runs Cucumber Scenarios" data-provider="scenarios" finished-at="2023-08-07T23:55:04 EDT" duration-ms="1126" status="PASS">
          <params>
            <param index="0">
              <value>
                <![CDATA["The user is in Array Practice Page and run invalid code for each examples"]]>
              </value>
            </param>
            <param index="1">
              <value>
                <![CDATA["Optional[To test the Array Page]"]]>
              </value>
            </param>
          </params>
          <reporter-output>
          </reporter-output>
        </test-method> <!-- runScenario -->
        <test-method signature="runScenario(io.cucumber.testng.PickleWrapper,io.cucumber.testng.FeatureWrapper)[pri:0, instance:com.dsalgoproject.testrunner.RunnerFile@652a7737]" started-at="2023-08-07T23:55:04 EDT" name="runScenario" description="Runs Cucumber Scenarios" data-provider="scenarios" finished-at="2023-08-07T23:55:04 EDT" duration-ms="849" status="PASS">
          <params>
            <param index="0">
              <value>
                <![CDATA["The user is in Array Practice Page and run invalid code for each examples"]]>
              </value>
            </param>
            <param index="1">
              <value>
                <![CDATA["Optional[To test the Array Page]"]]>
              </value>
            </param>
          </params>
          <reporter-output>
          </reporter-output>
        </test-method> <!-- runScenario -->
        <test-method signature="runScenario(io.cucumber.testng.PickleWrapper,io.cucumber.testng.FeatureWrapper)[pri:0, instance:com.dsalgoproject.testrunner.RunnerFile@652a7737]" started-at="2023-08-07T23:55:04 EDT" name="runScenario" description="Runs Cucumber Scenarios" data-provider="scenarios" finished-at="2023-08-07T23:55:05 EDT" duration-ms="978" status="PASS">
          <params>
            <param index="0">
              <value>
                <![CDATA["The user is in Array Practice Page and run invalid code for each examples"]]>
              </value>
            </param>
            <param index="1">
              <value>
                <![CDATA["Optional[To test the Array Page]"]]>
              </value>
            </param>
          </params>
          <reporter-output>
          </reporter-output>
        </test-method> <!-- runScenario -->
        <test-method signature="runScenario(io.cucumber.testng.PickleWrapper,io.cucumber.testng.FeatureWrapper)[pri:0, instance:com.dsalgoproject.testrunner.RunnerFile@652a7737]" started-at="2023-08-07T23:55:05 EDT" name="runScenario" description="Runs Cucumber Scenarios" data-provider="scenarios" finished-at="2023-08-07T23:55:07 EDT" duration-ms="1287" status="PASS">
          <params>
            <param index="0">
              <value>
                <![CDATA["The user is in Array Practice Page and run invalid code for each examples"]]>
              </value>
            </param>
            <param index="1">
              <value>
                <![CDATA["Optional[To test the Array Page]"]]>
              </value>
            </param>
          </params>
          <reporter-output>
          </reporter-output>
        </test-method> <!-- runScenario -->
        <test-method signature="runScenario(io.cucumber.testng.PickleWrapper,io.cucumber.testng.FeatureWrapper)[pri:0, instance:com.dsalgoproject.testrunner.RunnerFile@652a7737]" started-at="2023-08-07T23:55:07 EDT" name="runScenario" description="Runs Cucumber Scenarios" data-provider="scenarios" finished-at="2023-08-07T23:55:08 EDT" duration-ms="1420" status="PASS">
          <params>
            <param index="0">
              <value>
                <![CDATA["User navigated to "linked list" page"]]>
              </value>
            </param>
            <param index="1">
              <value>
                <![CDATA["Optional[User navigates to the Linked list page and tests the various options under it]"]]>
              </value>
            </param>
          </params>
          <reporter-output>
          </reporter-output>
        </test-method> <!-- runScenario -->
        <test-method signature="runScenario(io.cucumber.testng.PickleWrapper,io.cucumber.testng.FeatureWrapper)[pri:0, instance:com.dsalgoproject.testrunner.RunnerFile@652a7737]" started-at="2023-08-07T23:55:08 EDT" name="runScenario" description="Runs Cucumber Scenarios" data-provider="scenarios" finished-at="2023-08-07T23:55:09 EDT" duration-ms="1078" status="PASS">
          <params>
            <param index="0">
              <value>
                <![CDATA["The user is able to navigate to Linked Lists Page and run code in tryEditor page"]]>
              </value>
            </param>
            <param index="1">
              <value>
                <![CDATA["Optional[User navigates to the Linked list page and tests the various options under it]"]]>
              </value>
            </param>
          </params>
          <reporter-output>
          </reporter-output>
        </test-method> <!-- runScenario -->
        <test-method signature="runScenario(io.cucumber.testng.PickleWrapper,io.cucumber.testng.FeatureWrapper)[pri:0, instance:com.dsalgoproject.testrunner.RunnerFile@652a7737]" started-at="2023-08-07T23:55:09 EDT" name="runScenario" description="Runs Cucumber Scenarios" data-provider="scenarios" finished-at="2023-08-07T23:55:10 EDT" duration-ms="933" status="PASS">
          <params>
            <param index="0">
              <value>
                <![CDATA["The user is able to navigate to Linked Lists Page and run code in tryEditor page"]]>
              </value>
            </param>
            <param index="1">
              <value>
                <![CDATA["Optional[User navigates to the Linked list page and tests the various options under it]"]]>
              </value>
            </param>
          </params>
          <reporter-output>
          </reporter-output>
        </test-method> <!-- runScenario -->
        <test-method signature="runScenario(io.cucumber.testng.PickleWrapper,io.cucumber.testng.FeatureWrapper)[pri:0, instance:com.dsalgoproject.testrunner.RunnerFile@652a7737]" started-at="2023-08-07T23:55:10 EDT" name="runScenario" description="Runs Cucumber Scenarios" data-provider="scenarios" finished-at="2023-08-07T23:55:11 EDT" duration-ms="934" status="PASS">
          <params>
            <param index="0">
              <value>
                <![CDATA["The user is able to navigate to Linked Lists Page and run code in tryEditor page"]]>
              </value>
            </param>
            <param index="1">
              <value>
                <![CDATA["Optional[User navigates to the Linked list page and tests the various options under it]"]]>
              </value>
            </param>
          </params>
          <reporter-output>
          </reporter-output>
        </test-method> <!-- runScenario -->
        <test-method signature="runScenario(io.cucumber.testng.PickleWrapper,io.cucumber.testng.FeatureWrapper)[pri:0, instance:com.dsalgoproject.testrunner.RunnerFile@652a7737]" started-at="2023-08-07T23:55:11 EDT" name="runScenario" description="Runs Cucumber Scenarios" data-provider="scenarios" finished-at="2023-08-07T23:55:12 EDT" duration-ms="1024" status="PASS">
          <params>
            <param index="0">
              <value>
                <![CDATA["The user is able to navigate to Linked Lists Page and run code in tryEditor page"]]>
              </value>
            </param>
            <param index="1">
              <value>
                <![CDATA["Optional[User navigates to the Linked list page and tests the various options under it]"]]>
              </value>
            </param>
          </params>
          <reporter-output>
          </reporter-output>
        </test-method> <!-- runScenario -->
        <test-method signature="runScenario(io.cucumber.testng.PickleWrapper,io.cucumber.testng.FeatureWrapper)[pri:0, instance:com.dsalgoproject.testrunner.RunnerFile@652a7737]" started-at="2023-08-07T23:55:12 EDT" name="runScenario" description="Runs Cucumber Scenarios" data-provider="scenarios" finished-at="2023-08-07T23:55:13 EDT" duration-ms="977" status="PASS">
          <params>
            <param index="0">
              <value>
                <![CDATA["The user is able to navigate to Linked Lists Page and run code in tryEditor page"]]>
              </value>
            </param>
            <param index="1">
              <value>
                <![CDATA["Optional[User navigates to the Linked list page and tests the various options under it]"]]>
              </value>
            </param>
          </params>
          <reporter-output>
          </reporter-output>
        </test-method> <!-- runScenario -->
        <test-method signature="runScenario(io.cucumber.testng.PickleWrapper,io.cucumber.testng.FeatureWrapper)[pri:0, instance:com.dsalgoproject.testrunner.RunnerFile@652a7737]" started-at="2023-08-07T23:55:13 EDT" name="runScenario" description="Runs Cucumber Scenarios" data-provider="scenarios" finished-at="2023-08-07T23:55:14 EDT" duration-ms="953" status="PASS">
          <params>
            <param index="0">
              <value>
                <![CDATA["The user is able to navigate to Linked Lists Page and run code in tryEditor page"]]>
              </value>
            </param>
            <param index="1">
              <value>
                <![CDATA["Optional[User navigates to the Linked list page and tests the various options under it]"]]>
              </value>
            </param>
[...]
            </param>
          </params>
          <reporter-output>
          </reporter-output>
        </test-method> <!-- runScenario -->
        <test-method signature="runScenario(io.cucumber.testng.PickleWrapper,io.cucumber.testng.FeatureWrapper)[pri:0, instance:com.dsalgoproject.testrunner.RunnerFile@652a7737]" started-at="2023-08-07T23:55:46 EDT" name="runScenario" description="Runs Cucumber Scenarios" data-provider="scenarios" finished-at="2023-08-07T23:55:47 EDT" duration-ms="1034" status="PASS">
          <params>
            <param index="0">
              <value>
                <![CDATA["The user is  navigating to Tree Page and runs code in tryEditor page"]]>
              </value>
            </param>
            <param index="1">
              <value>
                <![CDATA["Optional[To test Tree Data Structure Page]"]]>
              </value>
            </param>
          </params>
          <reporter-output>
          </reporter-output>
        </test-method> <!-- runScenario -->
        <test-method signature="runScenario(io.cucumber.testng.PickleWrapper,io.cucumber.testng.FeatureWrapper)[pri:0, instance:com.dsalgoproject.testrunner.RunnerFile@652a7737]" started-at="2023-08-07T23:55:47 EDT" name="runScenario" description="Runs Cucumber Scenarios" data-provider="scenarios" finished-at="2023-08-07T23:55:48 EDT" duration-ms="1028" status="PASS">
          <params>
            <param index="0">
              <value>
                <![CDATA["The user is  navigating to Tree Page and runs code in tryEditor page"]]>
              </value>
            </param>
            <param index="1">
              <value>
                <![CDATA["Optional[To test Tree Data Structure Page]"]]>
              </value>
            </param>
          </params>
          <reporter-output>
          </reporter-output>
        </test-method> <!-- runScenario -->
        <test-method signature="runScenario(io.cucumber.testng.PickleWrapper,io.cucumber.testng.FeatureWrapper)[pri:0, instance:com.dsalgoproject.testrunner.RunnerFile@652a7737]" started-at="2023-08-07T23:55:48 EDT" name="runScenario" description="Runs Cucumber Scenarios" data-provider="scenarios" finished-at="2023-08-07T23:55:49 EDT" duration-ms="1247" status="PASS">
          <params>
            <param index="0">
              <value>
                <![CDATA["The user is  navigating to Tree Page and runs code in tryEditor page"]]>
              </value>
            </param>
            <param index="1">
              <value>
                <![CDATA["Optional[To test Tree Data Structure Page]"]]>
              </value>
            </param>
          </params>
          <reporter-output>
          </reporter-output>
        </test-method> <!-- runScenario -->
        <test-method signature="runScenario(io.cucumber.testng.PickleWrapper,io.cucumber.testng.FeatureWrapper)[pri:0, instance:com.dsalgoproject.testrunner.RunnerFile@652a7737]" started-at="2023-08-07T23:55:49 EDT" name="runScenario" description="Runs Cucumber Scenarios" data-provider="scenarios" finished-at="2023-08-07T23:55:50 EDT" duration-ms="1068" status="PASS">
          <params>
            <param index="0">
              <value>
                <![CDATA["The user is  navigating to Tree Page and runs code in tryEditor page"]]>
              </value>
            </param>
            <param index="1">
              <value>
                <![CDATA["Optional[To test Tree Data Structure Page]"]]>
              </value>
            </param>
          </params>
          <reporter-output>
          </reporter-output>
        </test-method> <!-- runScenario -->
        <test-method signature="runScenario(io.cucumber.testng.PickleWrapper,io.cucumber.testng.FeatureWrapper)[pri:0, instance:com.dsalgoproject.testrunner.RunnerFile@652a7737]" started-at="2023-08-07T23:55:50 EDT" name="runScenario" description="Runs Cucumber Scenarios" data-provider="scenarios" finished-at="2023-08-07T23:55:51 EDT" duration-ms="852" status="PASS">
          <params>
            <param index="0">
              <value>
                <![CDATA["The user is  navigating to Tree Page and runs invalid code in tryEditor page"]]>
              </value>
            </param>
            <param index="1">
              <value>
                <![CDATA["Optional[To test Tree Data Structure Page]"]]>
              </value>
            </param>
          </params>
          <reporter-output>
          </reporter-output>
        </test-method> <!-- runScenario -->
        <test-method signature="runScenario(io.cucumber.testng.PickleWrapper,io.cucumber.testng.FeatureWrapper)[pri:0, instance:com.dsalgoproject.testrunner.RunnerFile@652a7737]" started-at="2023-08-07T23:55:51 EDT" name="runScenario" description="Runs Cucumber Scenarios" data-provider="scenarios" finished-at="2023-08-07T23:55:52 EDT" duration-ms="878" status="PASS">
          <params>
            <param index="0">
              <value>
                <![CDATA["The user is  navigating to Tree Page and runs invalid code in tryEditor page"]]>
              </value>
            </param>
            <param index="1">
              <value>
                <![CDATA["Optional[To test Tree Data Structure Page]"]]>
              </value>
            </param>
          </params>
          <reporter-output>
          </reporter-output>
        </test-method> <!-- runScenario -->
        <test-method signature="runScenario(io.cucumber.testng.PickleWrapper,io.cucumber.testng.FeatureWrapper)[pri:0, instance:com.dsalgoproject.testrunner.RunnerFile@652a7737]" started-at="2023-08-07T23:55:52 EDT" name="runScenario" description="Runs Cucumber Scenarios" data-provider="scenarios" finished-at="2023-08-07T23:55:53 EDT" duration-ms="855" status="PASS">
          <params>
            <param index="0">
              <value>
                <![CDATA["The user is  navigating to Tree Page and runs invalid code in tryEditor page"]]>
              </value>
            </param>
            <param index="1">
              <value>
                <![CDATA["Optional[To test Tree Data Structure Page]"]]>
              </value>
            </param>
          </params>
          <reporter-output>
          </reporter-output>
        </test-method> <!-- runScenario -->
        <test-method signature="runScenario(io.cucumber.testng.PickleWrapper,io.cucumber.testng.FeatureWrapper)[pri:0, instance:com.dsalgoproject.testrunner.RunnerFile@652a7737]" started-at="2023-08-07T23:55:53 EDT" name="runScenario" description="Runs Cucumber Scenarios" data-provider="scenarios" finished-at="2023-08-07T23:55:54 EDT" duration-ms="807" status="PASS">
          <params>
            <param index="0">
              <value>
                <![CDATA["The user is  navigating to Tree Page and runs invalid code in tryEditor page"]]>
              </value>
            </param>
            <param index="1">
              <value>
                <![CDATA["Optional[To test Tree Data Structure Page]"]]>
              </value>
            </param>
          </params>
          <reporter-output>
          </reporter-output>
        </test-method> <!-- runScenario -->
        <test-method signature="runScenario(io.cucumber.testng.PickleWrapper,io.cucumber.testng.FeatureWrapper)[pri:0, instance:com.dsalgoproject.testrunner.RunnerFile@652a7737]" started-at="2023-08-07T23:55:54 EDT" name="runScenario" description="Runs Cucumber Scenarios" data-provider="scenarios" finished-at="2023-08-07T23:55:55 EDT" duration-ms="789" status="PASS">
          <params>
            <param index="0">
              <value>
                <![CDATA["The user is  navigating to Tree Page and runs invalid code in tryEditor page"]]>
              </value>
            </param>
            <param index="1">
              <value>
                <![CDATA["Optional[To test Tree Data Structure Page]"]]>
              </value>
            </param>
          </params>
          <reporter-output>
          </reporter-output>
        </test-method> <!-- runScenario -->
        <test-method signature="runScenario(io.cucumber.testng.PickleWrapper,io.cucumber.testng.FeatureWrapper)[pri:0, instance:com.dsalgoproject.testrunner.RunnerFile@652a7737]" started-at="2023-08-07T23:55:55 EDT" name="runScenario" description="Runs Cucumber Scenarios" data-provider="scenarios" finished-at="2023-08-07T23:55:56 EDT" duration-ms="902" status="PASS">
          <params>
            <param index="0">
              <value>
                <![CDATA["The user is  navigating to Tree Page and runs invalid code in tryEditor page"]]>
              </value>
            </param>
            <param index="1">
              <value>
                <![CDATA["Optional[To test Tree Data Structure Page]"]]>
              </value>
            </param>
          </params>
          <reporter-output>
          </reporter-output>
        </test-method> <!-- runScenario -->
        <test-method signature="runScenario(io.cucumber.testng.PickleWrapper,io.cucumber.testng.FeatureWrapper)[pri:0, instance:com.dsalgoproject.testrunner.RunnerFile@652a7737]" started-at="2023-08-07T23:55:56 EDT" name="runScenario" description="Runs Cucumber Scenarios" data-provider="scenarios" finished-at="2023-08-07T23:55:56 EDT" duration-ms="916" status="PASS">
          <params>
            <param index="0">
              <value>
                <![CDATA["The user is  navigating to Tree Page and runs invalid code in tryEditor page"]]>
              </value>
            </param>
            <param index="1">
              <value>
                <![CDATA["Optional[To test Tree Data Structure Page]"]]>
              </value>
            </param>
          </params>
          <reporter-output>
          </reporter-output>
        </test-method> <!-- runScenario -->
        <test-method signature="runScenario(io.cucumber.testng.PickleWrapper,io.cucumber.testng.FeatureWrapper)[pri:0, instance:com.dsalgoproject.testrunner.RunnerFile@652a7737]" started-at="2023-08-07T23:55:56 EDT" name="runScenario" description="Runs Cucumber Scenarios" data-provider="scenarios" finished-at="2023-08-07T23:55:57 EDT" duration-ms="910" status="PASS">
          <params>
            <param index="0">
              <value>
                <![CDATA["The user is  navigating to Tree Page and runs invalid code in tryEditor page"]]>
              </value>
            </param>
            <param index="1">
              <value>
                <![CDATA["Optional[To test Tree Data Structure Page]"]]>
              </value>
            </param>
          </params>
          <reporter-output>
          </reporter-output>
        </test-method> <!-- runScenario -->
        <test-method signature="runScenario(io.cucumber.testng.PickleWrapper,io.cucumber.testng.FeatureWrapper)[pri:0, instance:com.dsalgoproject.testrunner.RunnerFile@652a7737]" started-at="2023-08-07T23:55:57 EDT" name="runScenario" description="Runs Cucumber Scenarios" data-provider="scenarios" finished-at="2023-08-07T23:55:58 EDT" duration-ms="1020" status="PASS">
          <params>
            <param index="0">
              <value>
                <![CDATA["The user is  navigating to Tree Page and runs invalid code in tryEditor page"]]>
              </value>
            </param>
            <param index="1">
              <value>
                <![CDATA["Optional[To test Tree Data Structure Page]"]]>
              </value>
            </param>
          </params>
          <reporter-output>
          </reporter-output>
        </test-method> <!-- runScenario -->
        <test-method signature="runScenario(io.cucumber.testng.PickleWrapper,io.cucumber.testng.FeatureWrapper)[pri:0, instance:com.dsalgoproject.testrunner.RunnerFile@652a7737]" started-at="2023-08-07T23:55:58 EDT" name="runScenario" description="Runs Cucumber Scenarios" data-provider="scenarios" finished-at="2023-08-07T23:55:59 EDT" duration-ms="948" status="PASS">
          <params>
            <param index="0">
              <value>
                <![CDATA["The user is  navigating to Tree Page and runs invalid code in tryEditor page"]]>
              </value>
            </param>
            <param index="1">
              <value>
                <![CDATA["Optional[To test Tree Data Structure Page]"]]>
              </value>
            </param>
          </params>
          <reporter-output>
          </reporter-output>
        </test-method> <!-- runScenario -->
        <test-method signature="runScenario(io.cucumber.testng.PickleWrapper,io.cucumber.testng.FeatureWrapper)[pri:0, instance:com.dsalgoproject.testrunner.RunnerFile@652a7737]" started-at="2023-08-07T23:55:59 EDT" name="runScenario" description="Runs Cucumber Scenarios" data-provider="scenarios" finished-at="2023-08-07T23:56:00 EDT" duration-ms="949" status="PASS">
          <params>
            <param index="0">
              <value>
                <![CDATA["The user is  navigating to Tree Page and runs invalid code in tryEditor page"]]>
              </value>
            </param>
            <param index="1">
              <value>
                <![CDATA["Optional[To test Tree Data Structure Page]"]]>
              </value>
            </param>
          </params>
          <reporter-output>
          </reporter-output>
        </test-method> <!-- runScenario -->
        <test-method signature="runScenario(io.cucumber.testng.PickleWrapper,io.cucumber.testng.FeatureWrapper)[pri:0, instance:com.dsalgoproject.testrunner.RunnerFile@652a7737]" started-at="2023-08-07T23:56:00 EDT" name="runScenario" description="Runs Cucumber Scenarios" data-provider="scenarios" finished-at="2023-08-07T23:56:01 EDT" duration-ms="833" status="PASS">
          <params>
            <param index="0">
              <value>
                <![CDATA["The user is  navigating to Tree Page and runs invalid code in tryEditor page"]]>
              </value>
            </param>
            <param index="1">
              <value>
                <![CDATA["Optional[To test Tree Data Structure Page]"]]>
              </value>
            </param>
          </params>
          <reporter-output>
          </reporter-output>
        </test-method> <!-- runScenario -->
        <test-method signature="runScenario(io.cucumber.testng.PickleWrapper,io.cucumber.testng.FeatureWrapper)[pri:0, instance:com.dsalgoproject.testrunner.RunnerFile@652a7737]" started-at="2023-08-07T23:56:01 EDT" name="runScenario" description="Runs Cucumber Scenarios" data-provider="scenarios" finished-at="2023-08-07T23:56:02 EDT" duration-ms="965" status="PASS">
          <params>
            <param index="0">
              <value>
                <![CDATA["The user is  navigating to Tree Page and runs invalid code in tryEditor page"]]>
              </value>
            </param>
            <param index="1">
              <value>
                <![CDATA["Optional[To test Tree Data Structure Page]"]]>
              </value>
            </param>
          </params>
          <reporter-output>
          </reporter-output>
        </test-method> <!-- runScenario -->
        <test-method signature="runScenario(io.cucumber.testng.PickleWrapper,io.cucumber.testng.FeatureWrapper)[pri:0, instance:com.dsalgoproject.testrunner.RunnerFile@652a7737]" started-at="2023-08-07T23:56:02 EDT" name="runScenario" description="Runs Cucumber Scenarios" data-provider="scenarios" finished-at="2023-08-07T23:56:03 EDT" duration-ms="1383" status="PASS">
          <params>
            <param index="0">
              <value>
                <![CDATA["The user navigates to Graph Data structure Page"]]>
              </value>
            </param>
            <param index="1">
              <value>
                <![CDATA["Optional[To test the Graph Page]"]]>
              </value>
            </param>
          </params>
          <reporter-output>
          </reporter-output>
        </test-method> <!-- runScenario -->
        <test-method signature="runScenario(io.cucumber.testng.PickleWrapper,io.cucumber.testng.FeatureWrapper)[pri:0, instance:com.dsalgoproject.testrunner.RunnerFile@652a7737]" started-at="2023-08-07T23:56:03 EDT" name="runScenario" description="Runs Cucumber Scenarios" data-provider="scenarios" finished-at="2023-08-07T23:56:04 EDT" duration-ms="946" status="PASS">
          <params>
            <param index="0">
              <value>
                <![CDATA["The user is able to navigate to Graph topic page and run code in the tryeditor"]]>
              </value>
            </param>
            <param index="1">
              <value>
                <![CDATA["Optional[To test the Graph Page]"]]>
              </value>
            </param>
          </params>
          <reporter-output>
          </reporter-output>
        </test-method> <!-- runScenario -->
        <test-method signature="runScenario(io.cucumber.testng.PickleWrapper,io.cucumber.testng.FeatureWrapper)[pri:0, instance:com.dsalgoproject.testrunner.RunnerFile@652a7737]" started-at="2023-08-07T23:56:04 EDT" name="runScenario" description="Runs Cucumber Scenarios" data-provider="scenarios" finished-at="2023-08-07T23:56:05 EDT" duration-ms="949" status="PASS">
          <params>
            <param index="0">
              <value>
                <![CDATA["The user is able to navigate to Graph topic page and run code in the tryeditor"]]>
              </value>
            </param>
            <param index="1">
              <value>
                <![CDATA["Optional[To test the Graph Page]"]]>
              </value>
            </param>
          </params>
          <reporter-output>
          </reporter-output>
        </test-method> <!-- runScenario -->
        <test-method signature="runScenario(io.cucumber.testng.PickleWrapper,io.cucumber.testng.FeatureWrapper)[pri:0, instance:com.dsalgoproject.testrunner.RunnerFile@652a7737]" started-at="2023-08-07T23:56:05 EDT" name="runScenario" description="Runs Cucumber Scenarios" data-provider="scenarios" finished-at="2023-08-07T23:56:06 EDT" duration-ms="802" status="PASS">
          <params>
            <param index="0">
              <value>
                <![CDATA["The user is able to navigate to Graph topic page and runs code in the tryeditor page"]]>
              </value>
            </param>
            <param index="1">
              <value>
                <![CDATA["Optional[To test the Graph Page]"]]>
              </value>
            </param>
          </params>
          <reporter-output>
          </reporter-output>
        </test-method> <!-- runScenario -->
        <test-method signature="runScenario(io.cucumber.testng.PickleWrapper,io.cucumber.testng.FeatureWrapper)[pri:0, instance:com.dsalgoproject.testrunner.RunnerFile@652a7737]" started-at="2023-08-07T23:56:06 EDT" name="runScenario" description="Runs Cucumber Scenarios" data-provider="scenarios" finished-at="2023-08-07T23:56:07 EDT" duration-ms="860" status="PASS">
          <params>
            <param index="0">
              <value>
                <![CDATA["The user is able to navigate to Graph topic page and runs code in the tryeditor page"]]>
              </value>
            </param>
            <param index="1">
              <value>
                <![CDATA["Optional[To test the Graph Page]"]]>
              </value>
            </param>
          </params>
          <reporter-output>
          </reporter-output>
        </test-method> <!-- runScenario -->
        <test-method is-config="true" signature="tearDownClass()[pri:0, instance:com.dsalgoproject.testrunner.RunnerFile@652a7737]" started-at="2023-08-07T23:56:07 EDT" name="tearDownClass" finished-at="2023-08-07T23:56:26 EDT" duration-ms="18583" status="PASS">
          <reporter-output>
          </reporter-output>
        </test-method> <!-- tearDownClass -->
      </class> <!-- com.dsalgoproject.testrunner.RunnerFile -->
    </test> <!-- Default test -->
  </suite> <!-- Default suite -->
</testng-results>
