<?xml version="1.0" encoding="UTF-8"?>
<testng-results ignored="0" total="20" passed="20" failed="0" skipped="0">
  <reporter-output>
  </reporter-output>
  <suite started-at="2023-07-21T22:31:54 EDT" name="Default suite" finished-at="2023-07-21T22:32:14 EDT" duration-ms="20010">
    <groups>
      <group name="cucumber">
        <method signature="AbstractTestNGCucumberTests.runScenario(io.cucumber.testng.PickleWrapper,io.cucumber.testng.FeatureWrapper)[pri:0, instance:com.dsalgoproject.testrunner.RunnerFile@56303b57]" name="runScenario" class="io.cucumber.testng.AbstractTestNGCucumberTests"/>
      </group> <!-- cucumber -->
    </groups>
    <test started-at="2023-07-21T22:31:54 EDT" name="Default test" finished-at="2023-07-21T22:32:14 EDT" duration-ms="20010">
      <class name="com.dsalgoproject.testrunner.RunnerFile">
        <test-method is-config="true" signature="setUpClass(org.testng.ITestContext)[pri:0, instance:com.dsalgoproject.testrunner.RunnerFile@56303b57]" started-at="2023-07-21T22:31:54 EDT" name="setUpClass" finished-at="2023-07-21T22:31:54 EDT" duration-ms="298" status="PASS">
          <params>
            <param index="0">
              <value>
                <![CDATA[org.testng.TestRunner@1472208d]]>
              </value>
            </param>
          </params>
          <reporter-output>
          </reporter-output>
        </test-method> <!-- setUpClass -->
        <test-method signature="runScenario(io.cucumber.testng.PickleWrapper,io.cucumber.testng.FeatureWrapper)[pri:0, instance:com.dsalgoproject.testrunner.RunnerFile@56303b57]" started-at="2023-07-21T22:31:54 EDT" name="runScenario" description="Runs Cucumber Scenarios" data-provider="scenarios" finished-at="2023-07-21T22:31:59 EDT" duration-ms="4511" status="PASS">
          <params>
            <param index="0">
              <value>
                <![CDATA["User launch home page of an DSALgo Project"]]>
              </value>
            </param>
            <param index="1">
              <value>
                <![CDATA["To Test the HomePage"]]>
              </value>
            </param>
          </params>
          <reporter-output>
          </reporter-output>
        </test-method> <!-- runScenario -->
        <test-method signature="runScenario(io.cucumber.testng.PickleWrapper,io.cucumber.testng.FeatureWrapper)[pri:0, instance:com.dsalgoproject.testrunner.RunnerFile@56303b57]" started-at="2023-07-21T22:31:59 EDT" name="runScenario" description="Runs Cucumber Scenarios" data-provider="scenarios" finished-at="2023-07-21T22:32:00 EDT" duration-ms="1590" status="PASS">
          <params>
            <param index="0">
              <value>
                <![CDATA["User is clicking Data Structures"]]>
              </value>
            </param>
            <param index="1">
              <value>
                <![CDATA["To Test the HomePage"]]>
              </value>
            </param>
          </params>
          <reporter-output>
          </reporter-output>
        </test-method> <!-- runScenario -->
        <test-method signature="runScenario(io.cucumber.testng.PickleWrapper,io.cucumber.testng.FeatureWrapper)[pri:0, instance:com.dsalgoproject.testrunner.RunnerFile@56303b57]" started-at="2023-07-21T22:32:00 EDT" name="runScenario" description="Runs Cucumber Scenarios" data-provider="scenarios" finished-at="2023-07-21T22:32:02 EDT" duration-ms="1542" status="PASS">
          <params>
            <param index="0">
              <value>
                <![CDATA["User is clicking Data Structures"]]>
              </value>
            </param>
            <param index="1">
              <value>
                <![CDATA["To Test the HomePage"]]>
              </value>
            </param>
          </params>
          <reporter-output>
          </reporter-output>
        </test-method> <!-- runScenario -->
        <test-method signature="runScenario(io.cucumber.testng.PickleWrapper,io.cucumber.testng.FeatureWrapper)[pri:0, instance:com.dsalgoproject.testrunner.RunnerFile@56303b57]" started-at="2023-07-21T22:32:02 EDT" name="runScenario" description="Runs Cucumber Scenarios" data-provider="scenarios" finished-at="2023-07-21T22:32:03 EDT" duration-ms="1530" status="PASS">
          <params>
            <param index="0">
              <value>
                <![CDATA["User is clicking Data Structures"]]>
              </value>
            </param>
            <param index="1">
              <value>
                <![CDATA["To Test the HomePage"]]>
              </value>
            </param>
          </params>
          <reporter-output>
          </reporter-output>
        </test-method> <!-- runScenario -->
        <test-method signature="runScenario(io.cucumber.testng.PickleWrapper,io.cucumber.testng.FeatureWrapper)[pri:0, instance:com.dsalgoproject.testrunner.RunnerFile@56303b57]" started-at="2023-07-21T22:32:03 EDT" name="runScenario" description="Runs Cucumber Scenarios" data-provider="scenarios" finished-at="2023-07-21T22:32:05 EDT" duration-ms="1491" status="PASS">
          <params>
            <param index="0">
              <value>
                <![CDATA["User is clicking Data Structures"]]>
              </value>
            </param>
            <param index="1">
              <value>
                <![CDATA["To Test the HomePage"]]>
              </value>
            </param>
          </params>
          <reporter-output>
          </reporter-output>
        </test-method> <!-- runScenario -->
        <test-method signature="runScenario(io.cucumber.testng.PickleWrapper,io.cucumber.testng.FeatureWrapper)[pri:0, instance:com.dsalgoproject.testrunner.RunnerFile@56303b57]" started-at="2023-07-21T22:32:05 EDT" name="runScenario" description="Runs Cucumber Scenarios" data-provider="scenarios" finished-at="2023-07-21T22:32:06 EDT" duration-ms="1401" status="PASS">
          <params>
            <param index="0">
              <value>
                <![CDATA["User is clicking Data Structures"]]>
              </value>
            </param>
            <param index="1">
              <value>
                <![CDATA["To Test the HomePage"]]>
              </value>
            </param>
          </params>
          <reporter-output>
          </reporter-output>
        </test-method> <!-- runScenario -->
        <test-method signature="runScenario(io.cucumber.testng.PickleWrapper,io.cucumber.testng.FeatureWrapper)[pri:0, instance:com.dsalgoproject.testrunner.RunnerFile@56303b57]" started-at="2023-07-21T22:32:06 EDT" name="runScenario" description="Runs Cucumber Scenarios" data-provider="scenarios" finished-at="2023-07-21T22:32:08 EDT" duration-ms="1387" status="PASS">
          <params>
            <param index="0">
              <value>
                <![CDATA["User is clicking Data Structures"]]>
              </value>
            </param>
            <param index="1">
              <value>
                <![CDATA["To Test the HomePage"]]>
              </value>
            </param>
          </params>
          <reporter-output>
          </reporter-output>
        </test-method> <!-- runScenario -->
        <test-method signature="runScenario(io.cucumber.testng.PickleWrapper,io.cucumber.testng.FeatureWrapper)[pri:0, instance:com.dsalgoproject.testrunner.RunnerFile@56303b57]" started-at="2023-07-21T22:32:08 EDT" name="runScenario" description="Runs Cucumber Scenarios" data-provider="scenarios" finished-at="2023-07-21T22:32:08 EDT" duration-ms="200" status="PASS">
          <params>
            <param index="0">
              <value>
                <![CDATA["The user is presented with error message for empty fields below username textbox"]]>
              </value>
            </param>
            <param index="1">
              <value>
                <![CDATA["Feature file to test register"]]>
              </value>
            </param>
          </params>
          <reporter-output>
          </reporter-output>
        </test-method> <!-- runScenario -->
        <test-method signature="runScenario(io.cucumber.testng.PickleWrapper,io.cucumber.testng.FeatureWrapper)[pri:0, instance:com.dsalgoproject.testrunner.RunnerFile@56303b57]" started-at="2023-07-21T22:32:08 EDT" name="runScenario" description="Runs Cucumber Scenarios" data-provider="scenarios" finished-at="2023-07-21T22:32:08 EDT" duration-ms="340" status="PASS">
          <params>
            <param index="0">
              <value>
                <![CDATA["The user is presented with error message for empty fields below Password textbox"]]>
              </value>
            </param>
            <param index="1">
              <value>
                <![CDATA["Feature file to test register"]]>
              </value>
            </param>
          </params>
          <reporter-output>
          </reporter-output>
        </test-method> <!-- runScenario -->
        <test-method signature="runScenario(io.cucumber.testng.PickleWrapper,io.cucumber.testng.FeatureWrapper)[pri:0, instance:com.dsalgoproject.testrunner.RunnerFile@56303b57]" started-at="2023-07-21T22:32:08 EDT" name="runScenario" description="Runs Cucumber Scenarios" data-provider="scenarios" finished-at="2023-07-21T22:32:09 EDT" duration-ms="346" status="PASS">
          <params>
            <param index="0">
              <value>
                <![CDATA["The user is presented with error message for empty fields below Password1 textbox"]]>
              </value>
            </param>
            <param index="1">
              <value>
                <![CDATA["Feature file to test register"]]>
              </value>
            </param>
          </params>
          <reporter-output>
          </reporter-output>
        </test-method> <!-- runScenario -->
        <test-method signature="runScenario(io.cucumber.testng.PickleWrapper,io.cucumber.testng.FeatureWrapper)[pri:0, instance:com.dsalgoproject.testrunner.RunnerFile@56303b57]" started-at="2023-07-21T22:32:09 EDT" name="runScenario" description="Runs Cucumber Scenarios" data-provider="scenarios" finished-at="2023-07-21T22:32:09 EDT" duration-ms="450" status="PASS">
          <params>
            <param index="0">
              <value>
                <![CDATA["The user is presented with an error message"]]>
              </value>
            </param>
            <param index="1">
              <value>
                <![CDATA["Feature file to test register"]]>
              </value>
            </param>
          </params>
          <reporter-output>
          </reporter-output>
        </test-method> <!-- runScenario -->
        <test-method signature="runScenario(io.cucumber.testng.PickleWrapper,io.cucumber.testng.FeatureWrapper)[pri:0, instance:com.dsalgoproject.testrunner.RunnerFile@56303b57]" started-at="2023-07-21T22:32:09 EDT" name="runScenario" description="Runs Cucumber Scenarios" data-provider="scenarios" finished-at="2023-07-21T22:32:10 EDT" duration-ms="727" status="PASS">
          <params>
            <param index="0">
              <value>
                <![CDATA["The user is presented with an error message"]]>
              </value>
            </param>
            <param index="1">
              <value>
                <![CDATA["Feature file to test register"]]>
              </value>
            </param>
          </params>
          <reporter-output>
          </reporter-output>
        </test-method> <!-- runScenario -->
        <test-method signature="runScenario(io.cucumber.testng.PickleWrapper,io.cucumber.testng.FeatureWrapper)[pri:0, instance:com.dsalgoproject.testrunner.RunnerFile@56303b57]" started-at="2023-07-21T22:32:10 EDT" name="runScenario" description="Runs Cucumber Scenarios" data-provider="scenarios" finished-at="2023-07-21T22:32:10 EDT" duration-ms="485" status="PASS">
          <params>
            <param index="0">
              <value>
                <![CDATA["The user is presented with an error message"]]>
              </value>
            </param>
            <param index="1">
              <value>
                <![CDATA["Feature file to test register"]]>
              </value>
            </param>
          </params>
          <reporter-output>
          </reporter-output>
        </test-method> <!-- runScenario -->
        <test-method signature="runScenario(io.cucumber.testng.PickleWrapper,io.cucumber.testng.FeatureWrapper)[pri:0, instance:com.dsalgoproject.testrunner.RunnerFile@56303b57]" started-at="2023-07-21T22:32:10 EDT" name="runScenario" description="Runs Cucumber Scenarios" data-provider="scenarios" finished-at="2023-07-21T22:32:11 EDT" duration-ms="535" status="PASS">
          <params>
            <param index="0">
              <value>
                <![CDATA["The user is presented with an error message"]]>
              </value>
            </param>
            <param index="1">
              <value>
                <![CDATA["Feature file to test register"]]>
              </value>
            </param>
          </params>
          <reporter-output>
          </reporter-output>
        </test-method> <!-- runScenario -->
        <test-method signature="runScenario(io.cucumber.testng.PickleWrapper,io.cucumber.testng.FeatureWrapper)[pri:0, instance:com.dsalgoproject.testrunner.RunnerFile@56303b57]" started-at="2023-07-21T22:32:11 EDT" name="runScenario" description="Runs Cucumber Scenarios" data-provider="scenarios" finished-at="2023-07-21T22:32:11 EDT" duration-ms="532" status="PASS">
          <params>
            <param index="0">
              <value>
                <![CDATA["The user is presented with an error message"]]>
              </value>
            </param>
            <param index="1">
              <value>
                <![CDATA["Feature file to test register"]]>
              </value>
            </param>
          </params>
          <reporter-output>
          </reporter-output>
        </test-method> <!-- runScenario -->
        <test-method signature="runScenario(io.cucumber.testng.PickleWrapper,io.cucumber.testng.FeatureWrapper)[pri:0, instance:com.dsalgoproject.testrunner.RunnerFile@56303b57]" started-at="2023-07-21T22:32:11 EDT" name="runScenario" description="Runs Cucumber Scenarios" data-provider="scenarios" finished-at="2023-07-21T22:32:12 EDT" duration-ms="434" status="PASS">
          <params>
            <param index="0">
              <value>
                <![CDATA["The user is presented with an error message"]]>
              </value>
            </param>
            <param index="1">
              <value>
                <![CDATA["Feature file to test register"]]>
              </value>
            </param>
          </params>
          <reporter-output>
          </reporter-output>
        </test-method> <!-- runScenario -->
        <test-method signature="runScenario(io.cucumber.testng.PickleWrapper,io.cucumber.testng.FeatureWrapper)[pri:0, instance:com.dsalgoproject.testrunner.RunnerFile@56303b57]" started-at="2023-07-21T22:32:12 EDT" name="runScenario" description="Runs Cucumber Scenarios" data-provider="scenarios" finished-at="2023-07-21T22:32:12 EDT" duration-ms="463" status="PASS">
          <params>
            <param index="0">
              <value>
                <![CDATA["The user is presented with an error message"]]>
              </value>
            </param>
            <param index="1">
              <value>
                <![CDATA["Feature file to test register"]]>
              </value>
            </param>
          </params>
          <reporter-output>
          </reporter-output>
        </test-method> <!-- runScenario -->
        <test-method signature="runScenario(io.cucumber.testng.PickleWrapper,io.cucumber.testng.FeatureWrapper)[pri:0, instance:com.dsalgoproject.testrunner.RunnerFile@56303b57]" started-at="2023-07-21T22:32:12 EDT" name="runScenario" description="Runs Cucumber Scenarios" data-provider="scenarios" finished-at="2023-07-21T22:32:13 EDT" duration-ms="523" status="PASS">
          <params>
            <param index="0">
              <value>
                <![CDATA["The user is presented with an error message"]]>
              </value>
            </param>
            <param index="1">
              <value>
                <![CDATA["Feature file to test register"]]>
              </value>
            </param>
          </params>
          <reporter-output>
          </reporter-output>
        </test-method> <!-- runScenario -->
        <test-method signature="runScenario(io.cucumber.testng.PickleWrapper,io.cucumber.testng.FeatureWrapper)[pri:0, instance:com.dsalgoproject.testrunner.RunnerFile@56303b57]" started-at="2023-07-21T22:32:13 EDT" name="runScenario" description="Runs Cucumber Scenarios" data-provider="scenarios" finished-at="2023-07-21T22:32:13 EDT" duration-ms="495" status="PASS">
          <params>
            <param index="0">
              <value>
                <![CDATA["Navigating to login page"]]>
              </value>
            </param>
            <param index="1">
              <value>
                <![CDATA["Navigating to Login page of DS Algo"]]>
              </value>
            </param>
          </params>
          <reporter-output>
          </reporter-output>
        </test-method> <!-- runScenario -->
        <test-method signature="runScenario(io.cucumber.testng.PickleWrapper,io.cucumber.testng.FeatureWrapper)[pri:0, instance:com.dsalgoproject.testrunner.RunnerFile@56303b57]" started-at="2023-07-21T22:32:13 EDT" name="runScenario" description="Runs Cucumber Scenarios" data-provider="scenarios" finished-at="2023-07-21T22:32:14 EDT" duration-ms="584" status="PASS">
          <params>
            <param index="0">
              <value>
                <![CDATA["The user is presented with error message for "Incorrect username and password""]]>
              </value>
            </param>
            <param index="1">
              <value>
                <![CDATA["Navigating to Login page of DS Algo"]]>
              </value>
            </param>
          </params>
          <reporter-output>
          </reporter-output>
        </test-method> <!-- runScenario -->
        <test-method is-config="true" signature="tearDownClass()[pri:0, instance:com.dsalgoproject.testrunner.RunnerFile@56303b57]" started-at="2023-07-21T22:32:14 EDT" name="tearDownClass" finished-at="2023-07-21T22:32:14 EDT" duration-ms="7" status="PASS">
          <reporter-output>
          </reporter-output>
        </test-method> <!-- tearDownClass -->
      </class> <!-- com.dsalgoproject.testrunner.RunnerFile -->
    </test> <!-- Default test -->
  </suite> <!-- Default suite -->
</testng-results>
